[ 2017-01-20T11:29:19+08:00 ] ::1 /servermonitorreportserver/
INFO: [ app_init ] --START--
INFO: Run Behavior\BuildLiteBehavior [ RunTime:0.000012s ]
INFO: [ app_init ] --END-- [ RunTime:0.000362s ]
INFO: [ app_begin ] --START--
INFO: Run Behavior\ReadHtmlCacheBehavior [ RunTime:0.000347s ]
INFO: [ app_begin ] --END-- [ RunTime:0.000384s ]
SQL: SHOW COLUMNS FROM `server_site` [ RunTime:0.0551s ]
SQL: SHOW COLUMNS FROM `server_site` [ RunTime:0.0086s ]
SQL: SELECT  sitename,siteAddress,ip,statusCode, errorTime,case  WHEN requestTime>1000 THEN CONCAT( truncate(requestTime/1000,0) ,' min')  WHEN requestTime<=1000 THEN CONCAT(  requestTime , ' s') ELSE requestTime END as requestTime,errorDetails  from server_site  order by errortime desc LIMIT 400 [ RunTime:0.0037s ]
SQL: SELECT COUNT(DISTINCT ip) AS tp_count FROM `server_site` LIMIT 1   [ RunTime:0.0013s ]
SQL: SELECT COUNT(DISTINCT siteName) AS tp_count FROM `server_site` LIMIT 1   [ RunTime:0.0012s ]
SQL: SELECT COUNT(*) AS tp_count FROM `server_site` LIMIT 1   [ RunTime:0.0009s ]
INFO: [ view_parse ] --START--
INFO: [ template_filter ] --START--
INFO: Run Behavior\ContentReplaceBehavior [ RunTime:0.000167s ]
INFO: [ template_filter ] --END-- [ RunTime:0.000225s ]
NOTIC: [8] Undefined variable: page F:\xampp\install\htdocs\ServerMonitorReportServer\Application\Runtime\Cache\Home\0d6509e863112dc5821b22ecb897e16e.php 第 842 行.
INFO: Run Behavior\ParseTemplateBehavior [ RunTime:0.100073s ]
INFO: [ view_parse ] --END-- [ RunTime:0.100140s ]
INFO: [ view_filter ] --START--
INFO: Run Behavior\WriteHtmlCacheBehavior [ RunTime:0.000597s ]
INFO: [ view_filter ] --END-- [ RunTime:0.000639s ]
INFO: [ app_end ] --START--
INFO: Run Behavior\ShowPageTraceBehavior [ RunTime:0.000680s ]
INFO: [ app_end ] --END-- [ RunTime:0.000746s ]

[ 2017-01-20T11:29:20+08:00 ] ::1 /servermonitorreportserver/index.php/home/index/getDataForLineChart
INFO: [ app_init ] --START--
INFO: Run Behavior\BuildLiteBehavior [ RunTime:0.000009s ]
INFO: [ app_init ] --END-- [ RunTime:0.000278s ]
INFO: [ app_begin ] --START--
INFO: Run Behavior\ReadHtmlCacheBehavior [ RunTime:0.000446s ]
INFO: [ app_begin ] --END-- [ RunTime:0.000482s ]
SQL: SHOW COLUMNS FROM `server_site` [ RunTime:0.0122s ]
SQL: SHOW COLUMNS FROM `server_site` [ RunTime:0.0043s ]
SQL: SELECT left(ltrim(rtrim(errorTime)),16) as errorTime ,COUNT(left(errorTime,16)) as times    from server_site  where   DATE_FORMAT(errorTime,'%m-%d-%Y')  = DATE_FORMAT(NOW(),'%m-%d-%Y') GROUP BY left(ltrim(rtrim(errorTime)),16) ORDER BY left(ltrim(rtrim(errorTime)),16) ASC [ RunTime:0.0020s ]

[ 2017-01-20T11:29:20+08:00 ] ::1 /servermonitorreportserver/index.php/home/index/getDataForLineChart
INFO: [ app_init ] --START--
INFO: Run Behavior\BuildLiteBehavior [ RunTime:0.000010s ]
INFO: [ app_init ] --END-- [ RunTime:0.000266s ]
INFO: [ app_begin ] --START--
INFO: Run Behavior\ReadHtmlCacheBehavior [ RunTime:0.000385s ]
INFO: [ app_begin ] --END-- [ RunTime:0.000421s ]
SQL: SHOW COLUMNS FROM `server_site` [ RunTime:0.0056s ]
SQL: SHOW COLUMNS FROM `server_site` [ RunTime:0.0074s ]
SQL: SELECT left(ltrim(rtrim(errorTime)),16) as errorTime ,COUNT(left(errorTime,16)) as times    from server_site  where  WEEK(errorTime,1) = WEEK(NOW(),1) and EXTRACT(YEAR from errorTime) =EXTRACT(YEAR FROM NOW() ) GROUP BY left(ltrim(rtrim(errorTime)),16) ORDER BY left(ltrim(rtrim(errorTime)),16) ASC limit 200 [ RunTime:0.0016s ]

[ 2017-01-20T11:29:20+08:00 ] ::1 /servermonitorreportserver/index.php/home/index/getDataForLineChart
INFO: [ app_init ] --START--
INFO: Run Behavior\BuildLiteBehavior [ RunTime:0.000010s ]
INFO: [ app_init ] --END-- [ RunTime:0.000270s ]
INFO: [ app_begin ] --START--
INFO: Run Behavior\ReadHtmlCacheBehavior [ RunTime:0.000335s ]
INFO: [ app_begin ] --END-- [ RunTime:0.000371s ]
SQL: SHOW COLUMNS FROM `server_site` [ RunTime:0.0048s ]
SQL: SHOW COLUMNS FROM `server_site` [ RunTime:0.0057s ]
SQL: SELECT left(ltrim(rtrim(errorTime)),16) as errorTime ,COUNT(left(errorTime,16)) as times    from server_site  where  EXTRACT(MONTH from errorTime) =EXTRACT(Month FROM NOW() )  and EXTRACT(YEAR from errorTime) =EXTRACT(YEAR FROM NOW() ) GROUP BY left(ltrim(rtrim(errorTime)),16) ORDER BY left(ltrim(rtrim(errorTime)),16) ASC [ RunTime:0.0016s ]

[ 2017-01-20T11:29:20+08:00 ] ::1 /servermonitorreportserver/index.php/home/index/getDataForBarChart
INFO: [ app_init ] --START--
INFO: Run Behavior\BuildLiteBehavior [ RunTime:0.000011s ]
INFO: [ app_init ] --END-- [ RunTime:0.000265s ]
INFO: [ app_begin ] --START--
INFO: Run Behavior\ReadHtmlCacheBehavior [ RunTime:0.000402s ]
INFO: [ app_begin ] --END-- [ RunTime:0.000449s ]
SQL: SHOW COLUMNS FROM `server_site` [ RunTime:0.0065s ]
SQL: SHOW COLUMNS FROM `server_site` [ RunTime:0.0054s ]
SQL: SELECT lower(siteName) as siteName,errorTime ,COUNT(lower(siteName)) as times  from 	server_site where EXTRACT(DAY from errorTime) =EXTRACT(DAY FROM NOW() ) 		and EXTRACT(YEAR from errorTime) =EXTRACT(YEAR FROM NOW() )  GROUP BY lower(siteName)  [ RunTime:0.0017s ]

[ 2017-01-20T11:30:16+08:00 ] ::1 /servermonitorreportserver/
INFO: [ app_init ] --START--
INFO: Run Behavior\BuildLiteBehavior [ RunTime:0.000011s ]
INFO: [ app_init ] --END-- [ RunTime:0.000385s ]
INFO: [ app_begin ] --START--
INFO: Run Behavior\ReadHtmlCacheBehavior [ RunTime:0.000343s ]
INFO: [ app_begin ] --END-- [ RunTime:0.000379s ]
SQL: SHOW COLUMNS FROM `server_site` [ RunTime:1.5038s ]
SQL: SHOW COLUMNS FROM `server_site` [ RunTime:0.0086s ]
SQL: SELECT  sitename,siteAddress,ip,statusCode, errorTime,case  WHEN requestTime>1000 THEN CONCAT( truncate(requestTime/1000,0) ,' min')  WHEN requestTime<=1000 THEN CONCAT(  requestTime , ' s') ELSE requestTime END as requestTime,errorDetails  from server_site  order by errortime desc LIMIT 400 [ RunTime:0.0038s ]
SQL: SELECT COUNT(DISTINCT ip) AS tp_count FROM `server_site` LIMIT 1   [ RunTime:0.0013s ]
SQL: SELECT COUNT(DISTINCT siteName) AS tp_count FROM `server_site` LIMIT 1   [ RunTime:0.0013s ]
SQL: SELECT COUNT(*) AS tp_count FROM `server_site` LIMIT 1   [ RunTime:0.0009s ]
INFO: [ view_parse ] --START--
INFO: [ template_filter ] --START--
INFO: Run Behavior\ContentReplaceBehavior [ RunTime:0.000156s ]
INFO: [ template_filter ] --END-- [ RunTime:0.000203s ]
NOTIC: [8] Undefined variable: page F:\xampp\install\htdocs\ServerMonitorReportServer\Application\Runtime\Cache\Home\0d6509e863112dc5821b22ecb897e16e.php 第 842 行.
INFO: Run Behavior\ParseTemplateBehavior [ RunTime:0.084233s ]
INFO: [ view_parse ] --END-- [ RunTime:0.084291s ]
INFO: [ view_filter ] --START--
INFO: Run Behavior\WriteHtmlCacheBehavior [ RunTime:0.000397s ]
INFO: [ view_filter ] --END-- [ RunTime:0.000428s ]
INFO: [ app_end ] --START--
INFO: Run Behavior\ShowPageTraceBehavior [ RunTime:0.001137s ]
INFO: [ app_end ] --END-- [ RunTime:0.001208s ]

[ 2017-01-20T11:30:18+08:00 ] ::1 /servermonitorreportserver/index.php/home/index/getDataForLineChart
INFO: [ app_init ] --START--
INFO: Run Behavior\BuildLiteBehavior [ RunTime:0.000012s ]
INFO: [ app_init ] --END-- [ RunTime:0.000292s ]
INFO: [ app_begin ] --START--
INFO: Run Behavior\ReadHtmlCacheBehavior [ RunTime:0.000356s ]
INFO: [ app_begin ] --END-- [ RunTime:0.000396s ]
SQL: SHOW COLUMNS FROM `server_site` [ RunTime:0.0635s ]
SQL: SHOW COLUMNS FROM `server_site` [ RunTime:0.4793s ]
SQL: SELECT left(ltrim(rtrim(errorTime)),16) as errorTime ,COUNT(left(errorTime,16)) as times    from server_site  where   DATE_FORMAT(errorTime,'%m-%d-%Y')  = DATE_FORMAT(NOW(),'%m-%d-%Y') GROUP BY left(ltrim(rtrim(errorTime)),16) ORDER BY left(ltrim(rtrim(errorTime)),16) ASC [ RunTime:0.0026s ]

[ 2017-01-20T11:30:18+08:00 ] ::1 /servermonitorreportserver/index.php/home/index/getDataForLineChart
INFO: [ app_init ] --START--
INFO: Run Behavior\BuildLiteBehavior [ RunTime:0.000012s ]
INFO: [ app_init ] --END-- [ RunTime:0.000286s ]
INFO: [ app_begin ] --START--
INFO: Run Behavior\ReadHtmlCacheBehavior [ RunTime:0.000340s ]
INFO: [ app_begin ] --END-- [ RunTime:0.000377s ]
SQL: SHOW COLUMNS FROM `server_site` [ RunTime:0.3240s ]
SQL: SHOW COLUMNS FROM `server_site` [ RunTime:0.3697s ]
SQL: SELECT left(ltrim(rtrim(errorTime)),16) as errorTime ,COUNT(left(errorTime,16)) as times    from server_site  where  WEEK(errorTime,1) = WEEK(NOW(),1) and EXTRACT(YEAR from errorTime) =EXTRACT(YEAR FROM NOW() ) GROUP BY left(ltrim(rtrim(errorTime)),16) ORDER BY left(ltrim(rtrim(errorTime)),16) ASC limit 200 [ RunTime:0.0036s ]

[ 2017-01-20T11:30:19+08:00 ] ::1 /servermonitorreportserver/index.php/home/index/getDataForLineChart
INFO: [ app_init ] --START--
INFO: Run Behavior\BuildLiteBehavior [ RunTime:0.000011s ]
INFO: [ app_init ] --END-- [ RunTime:0.000298s ]
INFO: [ app_begin ] --START--
INFO: Run Behavior\ReadHtmlCacheBehavior [ RunTime:0.000329s ]
INFO: [ app_begin ] --END-- [ RunTime:0.000364s ]
SQL: SHOW COLUMNS FROM `server_site` [ RunTime:0.0667s ]
SQL: SHOW COLUMNS FROM `server_site` [ RunTime:0.1216s ]
SQL: SELECT left(ltrim(rtrim(errorTime)),16) as errorTime ,COUNT(left(errorTime,16)) as times    from server_site  where  EXTRACT(MONTH from errorTime) =EXTRACT(Month FROM NOW() )  and EXTRACT(YEAR from errorTime) =EXTRACT(YEAR FROM NOW() ) GROUP BY left(ltrim(rtrim(errorTime)),16) ORDER BY left(ltrim(rtrim(errorTime)),16) ASC [ RunTime:0.0015s ]

[ 2017-01-20T11:30:19+08:00 ] ::1 /servermonitorreportserver/index.php/home/index/getDataForBarChart
INFO: [ app_init ] --START--
INFO: Run Behavior\BuildLiteBehavior [ RunTime:0.000012s ]
INFO: [ app_init ] --END-- [ RunTime:0.000289s ]
INFO: [ app_begin ] --START--
INFO: Run Behavior\ReadHtmlCacheBehavior [ RunTime:0.000333s ]
INFO: [ app_begin ] --END-- [ RunTime:0.000367s ]
SQL: SHOW COLUMNS FROM `server_site` [ RunTime:0.1249s ]
SQL: SHOW COLUMNS FROM `server_site` [ RunTime:0.1121s ]
SQL: SELECT lower(siteName) as siteName,errorTime ,COUNT(lower(siteName)) as times  from 	server_site where EXTRACT(DAY from errorTime) =EXTRACT(DAY FROM NOW() ) 		and EXTRACT(YEAR from errorTime) =EXTRACT(YEAR FROM NOW() )  GROUP BY lower(siteName)  [ RunTime:0.0023s ]

[ 2017-01-20T11:30:37+08:00 ] ::1 /servermonitorreportserver/
INFO: [ app_init ] --START--
INFO: Run Behavior\BuildLiteBehavior [ RunTime:0.000020s ]
INFO: [ app_init ] --END-- [ RunTime:0.000559s ]
INFO: [ app_begin ] --START--
INFO: Run Behavior\ReadHtmlCacheBehavior [ RunTime:0.000357s ]
INFO: [ app_begin ] --END-- [ RunTime:0.000395s ]
SQL: SHOW COLUMNS FROM `server_site` [ RunTime:0.0080s ]
SQL: SHOW COLUMNS FROM `server_site` [ RunTime:0.0039s ]
SQL: SELECT  sitename,siteAddress,ip,statusCode, errorTime,case  WHEN requestTime>1000 THEN CONCAT( truncate(requestTime/1000,0) ,' min')  WHEN requestTime<=1000 THEN CONCAT(  requestTime , ' s') ELSE requestTime END as requestTime,errorDetails  from server_site  order by errortime desc LIMIT 400 [ RunTime:0.0037s ]
SQL: SELECT COUNT(DISTINCT ip) AS tp_count FROM `server_site` LIMIT 1   [ RunTime:0.0014s ]
SQL: SELECT COUNT(DISTINCT siteName) AS tp_count FROM `server_site` LIMIT 1   [ RunTime:0.0016s ]
SQL: SELECT COUNT(*) AS tp_count FROM `server_site` LIMIT 1   [ RunTime:0.0009s ]
INFO: [ view_parse ] --START--
INFO: [ template_filter ] --START--
INFO: Run Behavior\ContentReplaceBehavior [ RunTime:0.000113s ]
INFO: [ template_filter ] --END-- [ RunTime:0.000161s ]
NOTIC: [8] Undefined variable: page F:\xampp\install\htdocs\ServerMonitorReportServer\Application\Runtime\Cache\Home\0d6509e863112dc5821b22ecb897e16e.php 第 761 行.
INFO: Run Behavior\ParseTemplateBehavior [ RunTime:0.065046s ]
INFO: [ view_parse ] --END-- [ RunTime:0.065090s ]
INFO: [ view_filter ] --START--
INFO: Run Behavior\WriteHtmlCacheBehavior [ RunTime:0.000407s ]
INFO: [ view_filter ] --END-- [ RunTime:0.000440s ]
INFO: [ app_end ] --START--
INFO: Run Behavior\ShowPageTraceBehavior [ RunTime:0.001421s ]
INFO: [ app_end ] --END-- [ RunTime:0.001499s ]

[ 2017-01-20T11:31:11+08:00 ] ::1 /servermonitorreportserver/
INFO: [ app_init ] --START--
INFO: Run Behavior\BuildLiteBehavior [ RunTime:0.000026s ]
INFO: [ app_init ] --END-- [ RunTime:0.000331s ]
INFO: [ app_begin ] --START--
INFO: Run Behavior\ReadHtmlCacheBehavior [ RunTime:0.000524s ]
INFO: [ app_begin ] --END-- [ RunTime:0.000574s ]
SQL: SHOW COLUMNS FROM `server_site` [ RunTime:0.4264s ]
SQL: SHOW COLUMNS FROM `server_site` [ RunTime:0.2508s ]
SQL: SELECT  sitename,siteAddress,ip,statusCode, errorTime,case  WHEN requestTime>1000 THEN CONCAT( truncate(requestTime/1000,0) ,' min')  WHEN requestTime<=1000 THEN CONCAT(  requestTime , ' s') ELSE requestTime END as requestTime,errorDetails  from server_site  order by errortime desc LIMIT 400 [ RunTime:0.0039s ]
SQL: SELECT COUNT(DISTINCT ip) AS tp_count FROM `server_site` LIMIT 1   [ RunTime:0.0023s ]
SQL: SELECT COUNT(DISTINCT siteName) AS tp_count FROM `server_site` LIMIT 1   [ RunTime:0.0011s ]
SQL: SELECT COUNT(*) AS tp_count FROM `server_site` LIMIT 1   [ RunTime:0.0008s ]
INFO: [ view_parse ] --START--
INFO: [ template_filter ] --START--
INFO: Run Behavior\ContentReplaceBehavior [ RunTime:0.000153s ]
INFO: [ template_filter ] --END-- [ RunTime:0.000196s ]
NOTIC: [8] Undefined variable: page F:\xampp\install\htdocs\ServerMonitorReportServer\Application\Runtime\Cache\Home\0d6509e863112dc5821b22ecb897e16e.php 第 842 行.
INFO: Run Behavior\ParseTemplateBehavior [ RunTime:0.109036s ]
INFO: [ view_parse ] --END-- [ RunTime:0.109087s ]
INFO: [ view_filter ] --START--
INFO: Run Behavior\WriteHtmlCacheBehavior [ RunTime:0.000474s ]
INFO: [ view_filter ] --END-- [ RunTime:0.000509s ]
INFO: [ app_end ] --START--
INFO: Run Behavior\ShowPageTraceBehavior [ RunTime:0.000715s ]
INFO: [ app_end ] --END-- [ RunTime:0.000776s ]

[ 2017-01-20T11:31:16+08:00 ] ::1 /servermonitorreportserver/index.php/home/index/getDataForLineChart
INFO: [ app_init ] --START--
INFO: Run Behavior\BuildLiteBehavior [ RunTime:0.000010s ]
INFO: [ app_init ] --END-- [ RunTime:0.000264s ]
INFO: [ app_begin ] --START--
INFO: Run Behavior\ReadHtmlCacheBehavior [ RunTime:0.000342s ]
INFO: [ app_begin ] --END-- [ RunTime:0.000377s ]
SQL: SHOW COLUMNS FROM `server_site` [ RunTime:0.7536s ]
SQL: SHOW COLUMNS FROM `server_site` [ RunTime:1.6257s ]
SQL: SELECT left(ltrim(rtrim(errorTime)),16) as errorTime ,COUNT(left(errorTime,16)) as times    from server_site  where   DATE_FORMAT(errorTime,'%m-%d-%Y')  = DATE_FORMAT(NOW(),'%m-%d-%Y') GROUP BY left(ltrim(rtrim(errorTime)),16) ORDER BY left(ltrim(rtrim(errorTime)),16) ASC [ RunTime:0.0022s ]

[ 2017-01-20T11:31:17+08:00 ] ::1 /servermonitorreportserver/index.php/home/index/getDataForLineChart
INFO: [ app_init ] --START--
INFO: Run Behavior\BuildLiteBehavior [ RunTime:0.000011s ]
INFO: [ app_init ] --END-- [ RunTime:0.000274s ]
INFO: [ app_begin ] --START--
INFO: Run Behavior\ReadHtmlCacheBehavior [ RunTime:0.000337s ]
INFO: [ app_begin ] --END-- [ RunTime:0.000375s ]
SQL: SHOW COLUMNS FROM `server_site` [ RunTime:0.7442s ]
SQL: SHOW COLUMNS FROM `server_site` [ RunTime:0.4378s ]
SQL: SELECT left(ltrim(rtrim(errorTime)),16) as errorTime ,COUNT(left(errorTime,16)) as times    from server_site  where  WEEK(errorTime,1) = WEEK(NOW(),1) and EXTRACT(YEAR from errorTime) =EXTRACT(YEAR FROM NOW() ) GROUP BY left(ltrim(rtrim(errorTime)),16) ORDER BY left(ltrim(rtrim(errorTime)),16) ASC limit 200 [ RunTime:0.0017s ]

[ 2017-01-20T11:31:18+08:00 ] ::1 /servermonitorreportserver/index.php/home/index/getDataForLineChart
INFO: [ app_init ] --START--
INFO: Run Behavior\BuildLiteBehavior [ RunTime:0.000010s ]
INFO: [ app_init ] --END-- [ RunTime:0.000281s ]
INFO: [ app_begin ] --START--
INFO: Run Behavior\ReadHtmlCacheBehavior [ RunTime:0.000329s ]
INFO: [ app_begin ] --END-- [ RunTime:0.000364s ]
SQL: SHOW COLUMNS FROM `server_site` [ RunTime:0.9561s ]
SQL: SHOW COLUMNS FROM `server_site` [ RunTime:0.5538s ]
SQL: SELECT left(ltrim(rtrim(errorTime)),16) as errorTime ,COUNT(left(errorTime,16)) as times    from server_site  where  EXTRACT(MONTH from errorTime) =EXTRACT(Month FROM NOW() )  and EXTRACT(YEAR from errorTime) =EXTRACT(YEAR FROM NOW() ) GROUP BY left(ltrim(rtrim(errorTime)),16) ORDER BY left(ltrim(rtrim(errorTime)),16) ASC [ RunTime:0.0018s ]

[ 2017-01-20T11:31:20+08:00 ] ::1 /servermonitorreportserver/index.php/home/index/getDataForBarChart
INFO: [ app_init ] --START--
INFO: Run Behavior\BuildLiteBehavior [ RunTime:0.000015s ]
INFO: [ app_init ] --END-- [ RunTime:0.000368s ]
INFO: [ app_begin ] --START--
INFO: Run Behavior\ReadHtmlCacheBehavior [ RunTime:0.000369s ]
INFO: [ app_begin ] --END-- [ RunTime:0.000407s ]
SQL: SHOW COLUMNS FROM `server_site` [ RunTime:0.7678s ]
SQL: SHOW COLUMNS FROM `server_site` [ RunTime:0.5695s ]
SQL: SELECT lower(siteName) as siteName,errorTime ,COUNT(lower(siteName)) as times  from 	server_site where EXTRACT(DAY from errorTime) =EXTRACT(DAY FROM NOW() ) 		and EXTRACT(YEAR from errorTime) =EXTRACT(YEAR FROM NOW() )  GROUP BY lower(siteName)  [ RunTime:0.0018s ]

[ 2017-01-20T11:44:02+08:00 ] ::1 /servermonitorreportserver/
INFO: [ app_init ] --START--
INFO: Run Behavior\BuildLiteBehavior [ RunTime:0.000010s ]
INFO: [ app_init ] --END-- [ RunTime:0.000311s ]
INFO: [ app_begin ] --START--
INFO: Run Behavior\ReadHtmlCacheBehavior [ RunTime:0.000507s ]
INFO: [ app_begin ] --END-- [ RunTime:0.000552s ]
SQL: SHOW COLUMNS FROM `server_site` [ RunTime:2.3538s ]
SQL: SHOW COLUMNS FROM `server_site` [ RunTime:0.1763s ]
SQL: SELECT  sitename,siteAddress,ip,statusCode, errorTime,case  WHEN requestTime>1000 THEN CONCAT( truncate(requestTime/1000,0) ,' min')  WHEN requestTime<=1000 THEN CONCAT(  requestTime , ' s') ELSE requestTime END as requestTime,errorDetails  from server_site  order by errortime desc LIMIT 400 [ RunTime:0.0040s ]
SQL: SELECT COUNT(DISTINCT ip) AS tp_count FROM `server_site` LIMIT 1   [ RunTime:0.0013s ]
SQL: SELECT COUNT(DISTINCT siteName) AS tp_count FROM `server_site` LIMIT 1   [ RunTime:0.0011s ]
SQL: SELECT COUNT(*) AS tp_count FROM `server_site` LIMIT 1   [ RunTime:0.0007s ]
INFO: [ view_parse ] --START--
INFO: [ template_filter ] --START--
INFO: Run Behavior\ContentReplaceBehavior [ RunTime:0.000152s ]
INFO: [ template_filter ] --END-- [ RunTime:0.000194s ]
NOTIC: [8] Undefined variable: page F:\xampp\install\htdocs\ServerMonitorReportServer\Application\Runtime\Cache\Home\0d6509e863112dc5821b22ecb897e16e.php 第 842 行.
INFO: Run Behavior\ParseTemplateBehavior [ RunTime:0.089617s ]
INFO: [ view_parse ] --END-- [ RunTime:0.089663s ]
INFO: [ view_filter ] --START--
INFO: Run Behavior\WriteHtmlCacheBehavior [ RunTime:0.000454s ]
INFO: [ view_filter ] --END-- [ RunTime:0.000488s ]
INFO: [ app_end ] --START--
INFO: Run Behavior\ShowPageTraceBehavior [ RunTime:0.001570s ]
INFO: [ app_end ] --END-- [ RunTime:0.001828s ]

[ 2017-01-20T11:44:05+08:00 ] ::1 /servermonitorreportserver/index.php/home/index/getDataForLineChart
INFO: [ app_init ] --START--
INFO: Run Behavior\BuildLiteBehavior [ RunTime:0.000011s ]
INFO: [ app_init ] --END-- [ RunTime:0.000276s ]
INFO: [ app_begin ] --START--
INFO: Run Behavior\ReadHtmlCacheBehavior [ RunTime:0.000334s ]
INFO: [ app_begin ] --END-- [ RunTime:0.000369s ]
SQL: SHOW COLUMNS FROM `server_site` [ RunTime:0.6397s ]
SQL: SHOW COLUMNS FROM `server_site` [ RunTime:0.1537s ]
SQL: SELECT left(ltrim(rtrim(errorTime)),16) as errorTime ,COUNT(left(errorTime,16)) as times    from server_site  where   DATE_FORMAT(errorTime,'%m-%d-%Y')  = DATE_FORMAT(NOW(),'%m-%d-%Y') GROUP BY left(ltrim(rtrim(errorTime)),16) ORDER BY left(ltrim(rtrim(errorTime)),16) ASC [ RunTime:0.0024s ]

[ 2017-01-20T11:44:05+08:00 ] ::1 /servermonitorreportserver/index.php/home/index/getDataForLineChart
INFO: [ app_init ] --START--
INFO: Run Behavior\BuildLiteBehavior [ RunTime:0.000010s ]
INFO: [ app_init ] --END-- [ RunTime:0.000274s ]
INFO: [ app_begin ] --START--
INFO: Run Behavior\ReadHtmlCacheBehavior [ RunTime:0.000369s ]
INFO: [ app_begin ] --END-- [ RunTime:0.000408s ]
SQL: SHOW COLUMNS FROM `server_site` [ RunTime:0.1684s ]
SQL: SHOW COLUMNS FROM `server_site` [ RunTime:0.3048s ]
SQL: SELECT left(ltrim(rtrim(errorTime)),16) as errorTime ,COUNT(left(errorTime,16)) as times    from server_site  where  WEEK(errorTime,1) = WEEK(NOW(),1) and EXTRACT(YEAR from errorTime) =EXTRACT(YEAR FROM NOW() ) GROUP BY left(ltrim(rtrim(errorTime)),16) ORDER BY left(ltrim(rtrim(errorTime)),16) ASC limit 200 [ RunTime:0.0017s ]

[ 2017-01-20T11:44:06+08:00 ] ::1 /servermonitorreportserver/index.php/home/index/getDataForLineChart
INFO: [ app_init ] --START--
INFO: Run Behavior\BuildLiteBehavior [ RunTime:0.000012s ]
INFO: [ app_init ] --END-- [ RunTime:0.000281s ]
INFO: [ app_begin ] --START--
INFO: Run Behavior\ReadHtmlCacheBehavior [ RunTime:0.000431s ]
INFO: [ app_begin ] --END-- [ RunTime:0.000476s ]
SQL: SHOW COLUMNS FROM `server_site` [ RunTime:0.1470s ]
SQL: SHOW COLUMNS FROM `server_site` [ RunTime:0.2061s ]
SQL: SELECT left(ltrim(rtrim(errorTime)),16) as errorTime ,COUNT(left(errorTime,16)) as times    from server_site  where  EXTRACT(MONTH from errorTime) =EXTRACT(Month FROM NOW() )  and EXTRACT(YEAR from errorTime) =EXTRACT(YEAR FROM NOW() ) GROUP BY left(ltrim(rtrim(errorTime)),16) ORDER BY left(ltrim(rtrim(errorTime)),16) ASC [ RunTime:0.0016s ]

[ 2017-01-20T11:44:08+08:00 ] ::1 /servermonitorreportserver/index.php/home/index/getDataForBarChart
INFO: [ app_init ] --START--
INFO: Run Behavior\BuildLiteBehavior [ RunTime:0.000012s ]
INFO: [ app_init ] --END-- [ RunTime:0.000412s ]
INFO: [ app_begin ] --START--
INFO: Run Behavior\ReadHtmlCacheBehavior [ RunTime:0.000350s ]
INFO: [ app_begin ] --END-- [ RunTime:0.000389s ]
SQL: SHOW COLUMNS FROM `server_site` [ RunTime:1.8903s ]
SQL: SHOW COLUMNS FROM `server_site` [ RunTime:0.2306s ]
SQL: SELECT lower(siteName) as siteName,errorTime ,COUNT(lower(siteName)) as times  from 	server_site where EXTRACT(DAY from errorTime) =EXTRACT(DAY FROM NOW() ) 		and EXTRACT(YEAR from errorTime) =EXTRACT(YEAR FROM NOW() )  GROUP BY lower(siteName)  [ RunTime:0.0018s ]

[ 2017-01-20T11:48:37+08:00 ] ::1 /servermonitorreportserver/
INFO: [ app_init ] --START--
INFO: Run Behavior\BuildLiteBehavior [ RunTime:0.000012s ]
INFO: [ app_init ] --END-- [ RunTime:0.000371s ]
INFO: [ app_begin ] --START--
INFO: Run Behavior\ReadHtmlCacheBehavior [ RunTime:0.000494s ]
INFO: [ app_begin ] --END-- [ RunTime:0.000537s ]
SQL: SHOW COLUMNS FROM `server_site` [ RunTime:0.0086s ]
SQL: SHOW COLUMNS FROM `server_site` [ RunTime:0.0039s ]
SQL: SELECT  sitename,siteAddress,ip,statusCode, errorTime,case  WHEN requestTime>1000 THEN CONCAT( truncate(requestTime/1000,0) ,' min')  WHEN requestTime<=1000 THEN CONCAT(  requestTime , ' s') ELSE requestTime END as requestTime,errorDetails  from server_site  order by errortime desc LIMIT 400 [ RunTime:0.0036s ]
SQL: SELECT COUNT(DISTINCT ip) AS tp_count FROM `server_site` LIMIT 1   [ RunTime:0.0012s ]
SQL: SELECT COUNT(DISTINCT siteName) AS tp_count FROM `server_site` LIMIT 1   [ RunTime:0.0011s ]
SQL: SELECT COUNT(*) AS tp_count FROM `server_site` LIMIT 1   [ RunTime:0.0007s ]
INFO: [ view_parse ] --START--
INFO: [ template_filter ] --START--
INFO: Run Behavior\ContentReplaceBehavior [ RunTime:0.000153s ]
INFO: [ template_filter ] --END-- [ RunTime:0.000197s ]
NOTIC: [8] Undefined variable: page F:\xampp\install\htdocs\ServerMonitorReportServer\Application\Runtime\Cache\Home\0d6509e863112dc5821b22ecb897e16e.php 第 842 行.
INFO: Run Behavior\ParseTemplateBehavior [ RunTime:0.081035s ]
INFO: [ view_parse ] --END-- [ RunTime:0.081080s ]
INFO: [ view_filter ] --START--
INFO: Run Behavior\WriteHtmlCacheBehavior [ RunTime:0.000443s ]
INFO: [ view_filter ] --END-- [ RunTime:0.000478s ]
INFO: [ app_end ] --START--
INFO: Run Behavior\ShowPageTraceBehavior [ RunTime:0.002258s ]
INFO: [ app_end ] --END-- [ RunTime:0.002332s ]

[ 2017-01-20T11:48:37+08:00 ] ::1 /servermonitorreportserver/index.php/home/index/getDataForLineChart
INFO: [ app_init ] --START--
INFO: Run Behavior\BuildLiteBehavior [ RunTime:0.000010s ]
INFO: [ app_init ] --END-- [ RunTime:0.000256s ]
INFO: [ app_begin ] --START--
INFO: Run Behavior\ReadHtmlCacheBehavior [ RunTime:0.000436s ]
INFO: [ app_begin ] --END-- [ RunTime:0.000469s ]
SQL: SHOW COLUMNS FROM `server_site` [ RunTime:0.0040s ]
SQL: SHOW COLUMNS FROM `server_site` [ RunTime:0.0037s ]
SQL: SELECT left(ltrim(rtrim(errorTime)),16) as errorTime ,COUNT(left(errorTime,16)) as times    from server_site  where   DATE_FORMAT(errorTime,'%m-%d-%Y')  = DATE_FORMAT(NOW(),'%m-%d-%Y') GROUP BY left(ltrim(rtrim(errorTime)),16) ORDER BY left(ltrim(rtrim(errorTime)),16) ASC [ RunTime:0.0019s ]

[ 2017-01-20T11:48:37+08:00 ] ::1 /servermonitorreportserver/index.php/home/index/getDataForLineChart
INFO: [ app_init ] --START--
INFO: Run Behavior\BuildLiteBehavior [ RunTime:0.000010s ]
INFO: [ app_init ] --END-- [ RunTime:0.000275s ]
INFO: [ app_begin ] --START--
INFO: Run Behavior\ReadHtmlCacheBehavior [ RunTime:0.000334s ]
INFO: [ app_begin ] --END-- [ RunTime:0.000368s ]
SQL: SHOW COLUMNS FROM `server_site` [ RunTime:0.0039s ]
SQL: SHOW COLUMNS FROM `server_site` [ RunTime:0.0035s ]
SQL: SELECT left(ltrim(rtrim(errorTime)),16) as errorTime ,COUNT(left(errorTime,16)) as times    from server_site  where  WEEK(errorTime,1) = WEEK(NOW(),1) and EXTRACT(YEAR from errorTime) =EXTRACT(YEAR FROM NOW() ) GROUP BY left(ltrim(rtrim(errorTime)),16) ORDER BY left(ltrim(rtrim(errorTime)),16) ASC limit 200 [ RunTime:0.0016s ]

[ 2017-01-20T11:48:37+08:00 ] ::1 /servermonitorreportserver/index.php/home/index/getDataForLineChart
INFO: [ app_init ] --START--
INFO: Run Behavior\BuildLiteBehavior [ RunTime:0.000009s ]
INFO: [ app_init ] --END-- [ RunTime:0.000318s ]
INFO: [ app_begin ] --START--
INFO: Run Behavior\ReadHtmlCacheBehavior [ RunTime:0.000345s ]
INFO: [ app_begin ] --END-- [ RunTime:0.000378s ]
SQL: SHOW COLUMNS FROM `server_site` [ RunTime:0.0037s ]
SQL: SHOW COLUMNS FROM `server_site` [ RunTime:0.0038s ]
SQL: SELECT left(ltrim(rtrim(errorTime)),16) as errorTime ,COUNT(left(errorTime,16)) as times    from server_site  where  EXTRACT(MONTH from errorTime) =EXTRACT(Month FROM NOW() )  and EXTRACT(YEAR from errorTime) =EXTRACT(YEAR FROM NOW() ) GROUP BY left(ltrim(rtrim(errorTime)),16) ORDER BY left(ltrim(rtrim(errorTime)),16) ASC [ RunTime:0.0015s ]

[ 2017-01-20T11:48:37+08:00 ] ::1 /servermonitorreportserver/index.php/home/index/getDataForBarChart
INFO: [ app_init ] --START--
INFO: Run Behavior\BuildLiteBehavior [ RunTime:0.000009s ]
INFO: [ app_init ] --END-- [ RunTime:0.000260s ]
INFO: [ app_begin ] --START--
INFO: Run Behavior\ReadHtmlCacheBehavior [ RunTime:0.000322s ]
INFO: [ app_begin ] --END-- [ RunTime:0.000356s ]
SQL: SHOW COLUMNS FROM `server_site` [ RunTime:0.0039s ]
SQL: SHOW COLUMNS FROM `server_site` [ RunTime:0.0034s ]
SQL: SELECT lower(siteName) as siteName,errorTime ,COUNT(lower(siteName)) as times  from 	server_site where EXTRACT(DAY from errorTime) =EXTRACT(DAY FROM NOW() ) 		and EXTRACT(YEAR from errorTime) =EXTRACT(YEAR FROM NOW() )  GROUP BY lower(siteName)  [ RunTime:0.0016s ]

[ 2017-01-20T11:48:47+08:00 ] ::1 /servermonitorreportserver/
INFO: [ app_init ] --START--
INFO: Run Behavior\BuildLiteBehavior [ RunTime:0.000021s ]
INFO: [ app_init ] --END-- [ RunTime:0.000561s ]
INFO: [ app_begin ] --START--
INFO: Run Behavior\ReadHtmlCacheBehavior [ RunTime:0.000698s ]
INFO: [ app_begin ] --END-- [ RunTime:0.000775s ]
SQL: SHOW COLUMNS FROM `server_site` [ RunTime:0.0101s ]
SQL: SHOW COLUMNS FROM `server_site` [ RunTime:0.0044s ]
SQL: SELECT  sitename,siteAddress,ip,statusCode, errorTime,case  WHEN requestTime>1000 THEN CONCAT( truncate(requestTime/1000,0) ,' min')  WHEN requestTime<=1000 THEN CONCAT(  requestTime , ' s') ELSE requestTime END as requestTime,errorDetails  from server_site  order by errortime desc LIMIT 400 [ RunTime:0.0047s ]
SQL: SELECT COUNT(DISTINCT ip) AS tp_count FROM `server_site` LIMIT 1   [ RunTime:0.0016s ]
SQL: SELECT COUNT(DISTINCT siteName) AS tp_count FROM `server_site` LIMIT 1   [ RunTime:0.0015s ]
SQL: SELECT COUNT(*) AS tp_count FROM `server_site` LIMIT 1   [ RunTime:0.0010s ]
INFO: [ view_parse ] --START--
INFO: [ template_filter ] --START--
INFO: Run Behavior\ContentReplaceBehavior [ RunTime:0.000196s ]
INFO: [ template_filter ] --END-- [ RunTime:0.000249s ]
NOTIC: [8] Undefined variable: page F:\xampp\install\htdocs\ServerMonitorReportServer\Application\Runtime\Cache\Home\0d6509e863112dc5821b22ecb897e16e.php 第 842 行.
INFO: Run Behavior\ParseTemplateBehavior [ RunTime:0.083380s ]
INFO: [ view_parse ] --END-- [ RunTime:0.083444s ]
INFO: [ view_filter ] --START--
INFO: Run Behavior\WriteHtmlCacheBehavior [ RunTime:0.000374s ]
INFO: [ view_filter ] --END-- [ RunTime:0.000409s ]
INFO: [ app_end ] --START--
INFO: Run Behavior\ShowPageTraceBehavior [ RunTime:0.000813s ]
INFO: [ app_end ] --END-- [ RunTime:0.000882s ]

[ 2017-01-20T11:48:49+08:00 ] ::1 /servermonitorreportserver/index.php/home/index/getDataForLineChart
INFO: [ app_init ] --START--
INFO: Run Behavior\BuildLiteBehavior [ RunTime:0.000010s ]
INFO: [ app_init ] --END-- [ RunTime:0.000297s ]
INFO: [ app_begin ] --START--
INFO: Run Behavior\ReadHtmlCacheBehavior [ RunTime:0.000449s ]
INFO: [ app_begin ] --END-- [ RunTime:0.000483s ]
SQL: SHOW COLUMNS FROM `server_site` [ RunTime:0.0081s ]
SQL: SHOW COLUMNS FROM `server_site` [ RunTime:0.0038s ]
SQL: SELECT left(ltrim(rtrim(errorTime)),16) as errorTime ,COUNT(left(errorTime,16)) as times    from server_site  where   DATE_FORMAT(errorTime,'%m-%d-%Y')  = DATE_FORMAT(NOW(),'%m-%d-%Y') GROUP BY left(ltrim(rtrim(errorTime)),16) ORDER BY left(ltrim(rtrim(errorTime)),16) ASC [ RunTime:0.0019s ]

[ 2017-01-20T11:48:49+08:00 ] ::1 /servermonitorreportserver/index.php/home/index/getDataForLineChart
INFO: [ app_init ] --START--
INFO: Run Behavior\BuildLiteBehavior [ RunTime:0.000009s ]
INFO: [ app_init ] --END-- [ RunTime:0.000260s ]
INFO: [ app_begin ] --START--
INFO: Run Behavior\ReadHtmlCacheBehavior [ RunTime:0.000350s ]
INFO: [ app_begin ] --END-- [ RunTime:0.000383s ]
SQL: SHOW COLUMNS FROM `server_site` [ RunTime:0.0042s ]
SQL: SHOW COLUMNS FROM `server_site` [ RunTime:0.0035s ]
SQL: SELECT left(ltrim(rtrim(errorTime)),16) as errorTime ,COUNT(left(errorTime,16)) as times    from server_site  where  WEEK(errorTime,1) = WEEK(NOW(),1) and EXTRACT(YEAR from errorTime) =EXTRACT(YEAR FROM NOW() ) GROUP BY left(ltrim(rtrim(errorTime)),16) ORDER BY left(ltrim(rtrim(errorTime)),16) ASC limit 200 [ RunTime:0.0016s ]

[ 2017-01-20T11:48:49+08:00 ] ::1 /servermonitorreportserver/index.php/home/index/getDataForLineChart
INFO: [ app_init ] --START--
INFO: Run Behavior\BuildLiteBehavior [ RunTime:0.000008s ]
INFO: [ app_init ] --END-- [ RunTime:0.000270s ]
INFO: [ app_begin ] --START--
INFO: Run Behavior\ReadHtmlCacheBehavior [ RunTime:0.000316s ]
INFO: [ app_begin ] --END-- [ RunTime:0.000348s ]
SQL: SHOW COLUMNS FROM `server_site` [ RunTime:0.0039s ]
SQL: SHOW COLUMNS FROM `server_site` [ RunTime:0.0035s ]
SQL: SELECT left(ltrim(rtrim(errorTime)),16) as errorTime ,COUNT(left(errorTime,16)) as times    from server_site  where  EXTRACT(MONTH from errorTime) =EXTRACT(Month FROM NOW() )  and EXTRACT(YEAR from errorTime) =EXTRACT(YEAR FROM NOW() ) GROUP BY left(ltrim(rtrim(errorTime)),16) ORDER BY left(ltrim(rtrim(errorTime)),16) ASC [ RunTime:0.0015s ]

[ 2017-01-20T11:48:49+08:00 ] ::1 /servermonitorreportserver/index.php/home/index/getDataForBarChart
INFO: [ app_init ] --START--
INFO: Run Behavior\BuildLiteBehavior [ RunTime:0.000011s ]
INFO: [ app_init ] --END-- [ RunTime:0.000266s ]
INFO: [ app_begin ] --START--
INFO: Run Behavior\ReadHtmlCacheBehavior [ RunTime:0.000324s ]
INFO: [ app_begin ] --END-- [ RunTime:0.000358s ]
SQL: SHOW COLUMNS FROM `server_site` [ RunTime:0.0036s ]
SQL: SHOW COLUMNS FROM `server_site` [ RunTime:0.0037s ]
SQL: SELECT lower(siteName) as siteName,errorTime ,COUNT(lower(siteName)) as times  from 	server_site where EXTRACT(DAY from errorTime) =EXTRACT(DAY FROM NOW() ) 		and EXTRACT(YEAR from errorTime) =EXTRACT(YEAR FROM NOW() )  GROUP BY lower(siteName)  [ RunTime:0.0017s ]

[ 2017-01-20T11:49:47+08:00 ] ::1 /servermonitorreportserver/
INFO: [ app_init ] --START--
INFO: Run Behavior\BuildLiteBehavior [ RunTime:0.000012s ]
INFO: [ app_init ] --END-- [ RunTime:0.000312s ]
INFO: [ app_begin ] --START--
INFO: Run Behavior\ReadHtmlCacheBehavior [ RunTime:0.000374s ]
INFO: [ app_begin ] --END-- [ RunTime:0.000414s ]
SQL: SHOW COLUMNS FROM `server_site` [ RunTime:0.0085s ]
SQL: SHOW COLUMNS FROM `server_site` [ RunTime:0.0037s ]
SQL: SELECT  sitename,siteAddress,ip,statusCode, errorTime,case  WHEN requestTime>1000 THEN CONCAT( truncate(requestTime/1000,0) ,' min')  WHEN requestTime<=1000 THEN CONCAT(  requestTime , ' s') ELSE requestTime END as requestTime,errorDetails  from server_site  order by errortime desc LIMIT 400 [ RunTime:0.0039s ]
SQL: SELECT COUNT(DISTINCT ip) AS tp_count FROM `server_site` LIMIT 1   [ RunTime:0.0013s ]
SQL: SELECT COUNT(DISTINCT siteName) AS tp_count FROM `server_site` LIMIT 1   [ RunTime:0.0012s ]
SQL: SELECT COUNT(*) AS tp_count FROM `server_site` LIMIT 1   [ RunTime:0.0279s ]
INFO: [ view_parse ] --START--
INFO: [ template_filter ] --START--
INFO: Run Behavior\ContentReplaceBehavior [ RunTime:0.000316s ]
INFO: [ template_filter ] --END-- [ RunTime:0.000402s ]
NOTIC: [8] Undefined variable: page F:\xampp\install\htdocs\ServerMonitorReportServer\Application\Runtime\Cache\Home\0d6509e863112dc5821b22ecb897e16e.php 第 842 行.
INFO: Run Behavior\ParseTemplateBehavior [ RunTime:0.116124s ]
INFO: [ view_parse ] --END-- [ RunTime:0.116198s ]
INFO: [ view_filter ] --START--
INFO: Run Behavior\WriteHtmlCacheBehavior [ RunTime:0.000393s ]
INFO: [ view_filter ] --END-- [ RunTime:0.000427s ]
INFO: [ app_end ] --START--
INFO: Run Behavior\ShowPageTraceBehavior [ RunTime:0.000794s ]
INFO: [ app_end ] --END-- [ RunTime:0.000857s ]

[ 2017-01-20T11:49:48+08:00 ] ::1 /servermonitorreportserver/index.php/home/index/getDataForLineChart
INFO: [ app_init ] --START--
INFO: Run Behavior\BuildLiteBehavior [ RunTime:0.000010s ]
INFO: [ app_init ] --END-- [ RunTime:0.000263s ]
INFO: [ app_begin ] --START--
INFO: Run Behavior\ReadHtmlCacheBehavior [ RunTime:0.000335s ]
INFO: [ app_begin ] --END-- [ RunTime:0.000368s ]
SQL: SHOW COLUMNS FROM `server_site` [ RunTime:0.0106s ]
SQL: SHOW COLUMNS FROM `server_site` [ RunTime:0.0041s ]
SQL: SELECT left(ltrim(rtrim(errorTime)),16) as errorTime ,COUNT(left(errorTime,16)) as times    from server_site  where   DATE_FORMAT(errorTime,'%m-%d-%Y')  = DATE_FORMAT(NOW(),'%m-%d-%Y') GROUP BY left(ltrim(rtrim(errorTime)),16) ORDER BY left(ltrim(rtrim(errorTime)),16) ASC [ RunTime:0.0019s ]

[ 2017-01-20T11:49:48+08:00 ] ::1 /servermonitorreportserver/index.php/home/index/getDataForLineChart
INFO: [ app_init ] --START--
INFO: Run Behavior\BuildLiteBehavior [ RunTime:0.000010s ]
INFO: [ app_init ] --END-- [ RunTime:0.000264s ]
INFO: [ app_begin ] --START--
INFO: Run Behavior\ReadHtmlCacheBehavior [ RunTime:0.000465s ]
INFO: [ app_begin ] --END-- [ RunTime:0.000500s ]
SQL: SHOW COLUMNS FROM `server_site` [ RunTime:0.0040s ]
SQL: SHOW COLUMNS FROM `server_site` [ RunTime:0.0038s ]
SQL: SELECT left(ltrim(rtrim(errorTime)),16) as errorTime ,COUNT(left(errorTime,16)) as times    from server_site  where  WEEK(errorTime,1) = WEEK(NOW(),1) and EXTRACT(YEAR from errorTime) =EXTRACT(YEAR FROM NOW() ) GROUP BY left(ltrim(rtrim(errorTime)),16) ORDER BY left(ltrim(rtrim(errorTime)),16) ASC limit 200 [ RunTime:0.0016s ]

[ 2017-01-20T11:49:48+08:00 ] ::1 /servermonitorreportserver/index.php/home/index/getDataForLineChart
INFO: [ app_init ] --START--
INFO: Run Behavior\BuildLiteBehavior [ RunTime:0.000010s ]
INFO: [ app_init ] --END-- [ RunTime:0.000270s ]
INFO: [ app_begin ] --START--
INFO: Run Behavior\ReadHtmlCacheBehavior [ RunTime:0.000327s ]
INFO: [ app_begin ] --END-- [ RunTime:0.000362s ]
SQL: SHOW COLUMNS FROM `server_site` [ RunTime:0.0964s ]
SQL: SHOW COLUMNS FROM `server_site` [ RunTime:0.0262s ]
SQL: SELECT left(ltrim(rtrim(errorTime)),16) as errorTime ,COUNT(left(errorTime,16)) as times    from server_site  where  EXTRACT(MONTH from errorTime) =EXTRACT(Month FROM NOW() )  and EXTRACT(YEAR from errorTime) =EXTRACT(YEAR FROM NOW() ) GROUP BY left(ltrim(rtrim(errorTime)),16) ORDER BY left(ltrim(rtrim(errorTime)),16) ASC [ RunTime:0.0032s ]

[ 2017-01-20T11:49:48+08:00 ] ::1 /servermonitorreportserver/index.php/home/index/getDataForBarChart
INFO: [ app_init ] --START--
INFO: Run Behavior\BuildLiteBehavior [ RunTime:0.000012s ]
INFO: [ app_init ] --END-- [ RunTime:0.000332s ]
INFO: [ app_begin ] --START--
INFO: Run Behavior\ReadHtmlCacheBehavior [ RunTime:0.000380s ]
INFO: [ app_begin ] --END-- [ RunTime:0.000419s ]
SQL: SHOW COLUMNS FROM `server_site` [ RunTime:0.0050s ]
SQL: SHOW COLUMNS FROM `server_site` [ RunTime:0.0040s ]
SQL: SELECT lower(siteName) as siteName,errorTime ,COUNT(lower(siteName)) as times  from 	server_site where EXTRACT(DAY from errorTime) =EXTRACT(DAY FROM NOW() ) 		and EXTRACT(YEAR from errorTime) =EXTRACT(YEAR FROM NOW() )  GROUP BY lower(siteName)  [ RunTime:0.0017s ]

[ 2017-01-20T12:05:43+08:00 ] ::1 /servermonitorreportserver/
INFO: [ app_init ] --START--
INFO: Run Behavior\BuildLiteBehavior [ RunTime:0.000011s ]
INFO: [ app_init ] --END-- [ RunTime:0.000338s ]
INFO: [ app_begin ] --START--
INFO: Run Behavior\ReadHtmlCacheBehavior [ RunTime:0.000483s ]
INFO: [ app_begin ] --END-- [ RunTime:0.000524s ]
SQL: SHOW COLUMNS FROM `server_site` [ RunTime:0.0097s ]
SQL: SHOW COLUMNS FROM `server_site` [ RunTime:0.0068s ]
SQL: SELECT  sitename,siteAddress,ip,statusCode, errorTime,case  WHEN requestTime>1000 THEN CONCAT( truncate(requestTime/1000,0) ,' min')  WHEN requestTime<=1000 THEN CONCAT(  requestTime , ' s') ELSE requestTime END as requestTime,errorDetails  from server_site  order by errortime desc LIMIT 400 [ RunTime:0.0043s ]
SQL: SELECT COUNT(DISTINCT ip) AS tp_count FROM `server_site` LIMIT 1   [ RunTime:0.0013s ]
SQL: SELECT COUNT(DISTINCT siteName) AS tp_count FROM `server_site` LIMIT 1   [ RunTime:0.0011s ]
SQL: SELECT COUNT(*) AS tp_count FROM `server_site` LIMIT 1   [ RunTime:0.0007s ]
INFO: [ view_parse ] --START--
INFO: [ template_filter ] --START--
INFO: Run Behavior\ContentReplaceBehavior [ RunTime:0.000148s ]
INFO: [ template_filter ] --END-- [ RunTime:0.000195s ]
NOTIC: [8] Undefined variable: page F:\xampp\install\htdocs\ServerMonitorReportServer\Application\Runtime\Cache\Home\0d6509e863112dc5821b22ecb897e16e.php 第 842 行.
INFO: Run Behavior\ParseTemplateBehavior [ RunTime:0.086035s ]
INFO: [ view_parse ] --END-- [ RunTime:0.086084s ]
INFO: [ view_filter ] --START--
INFO: Run Behavior\WriteHtmlCacheBehavior [ RunTime:0.000447s ]
INFO: [ view_filter ] --END-- [ RunTime:0.000478s ]
INFO: [ app_end ] --START--
INFO: Run Behavior\ShowPageTraceBehavior [ RunTime:0.000972s ]
INFO: [ app_end ] --END-- [ RunTime:0.001037s ]

[ 2017-01-20T12:05:44+08:00 ] ::1 /servermonitorreportserver/index.php/home/index/getDataForLineChart
INFO: [ app_init ] --START--
INFO: Run Behavior\BuildLiteBehavior [ RunTime:0.000020s ]
INFO: [ app_init ] --END-- [ RunTime:0.000579s ]
INFO: [ app_begin ] --START--
INFO: Run Behavior\ReadHtmlCacheBehavior [ RunTime:0.000957s ]
INFO: [ app_begin ] --END-- [ RunTime:0.001030s ]
SQL: SHOW COLUMNS FROM `server_site` [ RunTime:0.0093s ]
SQL: SHOW COLUMNS FROM `server_site` [ RunTime:0.0041s ]
SQL: SELECT left(ltrim(rtrim(errorTime)),16) as errorTime ,COUNT(left(errorTime,16)) as times    from server_site  where   DATE_FORMAT(errorTime,'%m-%d-%Y')  = DATE_FORMAT(NOW(),'%m-%d-%Y') GROUP BY left(ltrim(rtrim(errorTime)),16) ORDER BY left(ltrim(rtrim(errorTime)),16) ASC [ RunTime:0.0020s ]

[ 2017-01-20T12:05:44+08:00 ] ::1 /servermonitorreportserver/index.php/home/index/getDataForLineChart
INFO: [ app_init ] --START--
INFO: Run Behavior\BuildLiteBehavior [ RunTime:0.000011s ]
INFO: [ app_init ] --END-- [ RunTime:0.000300s ]
INFO: [ app_begin ] --START--
INFO: Run Behavior\ReadHtmlCacheBehavior [ RunTime:0.000367s ]
INFO: [ app_begin ] --END-- [ RunTime:0.000401s ]
SQL: SHOW COLUMNS FROM `server_site` [ RunTime:0.0039s ]
SQL: SHOW COLUMNS FROM `server_site` [ RunTime:0.0038s ]
SQL: SELECT left(ltrim(rtrim(errorTime)),16) as errorTime ,COUNT(left(errorTime,16)) as times    from server_site  where  WEEK(errorTime,1) = WEEK(NOW(),1) and EXTRACT(YEAR from errorTime) =EXTRACT(YEAR FROM NOW() ) GROUP BY left(ltrim(rtrim(errorTime)),16) ORDER BY left(ltrim(rtrim(errorTime)),16) ASC limit 200 [ RunTime:0.0016s ]

[ 2017-01-20T12:05:44+08:00 ] ::1 /servermonitorreportserver/index.php/home/index/getDataForLineChart
INFO: [ app_init ] --START--
INFO: Run Behavior\BuildLiteBehavior [ RunTime:0.000010s ]
INFO: [ app_init ] --END-- [ RunTime:0.000267s ]
INFO: [ app_begin ] --START--
INFO: Run Behavior\ReadHtmlCacheBehavior [ RunTime:0.000339s ]
INFO: [ app_begin ] --END-- [ RunTime:0.000372s ]
SQL: SHOW COLUMNS FROM `server_site` [ RunTime:0.0047s ]
SQL: SHOW COLUMNS FROM `server_site` [ RunTime:0.0038s ]
SQL: SELECT left(ltrim(rtrim(errorTime)),16) as errorTime ,COUNT(left(errorTime,16)) as times    from server_site  where  EXTRACT(MONTH from errorTime) =EXTRACT(Month FROM NOW() )  and EXTRACT(YEAR from errorTime) =EXTRACT(YEAR FROM NOW() ) GROUP BY left(ltrim(rtrim(errorTime)),16) ORDER BY left(ltrim(rtrim(errorTime)),16) ASC [ RunTime:0.0015s ]

[ 2017-01-20T12:05:44+08:00 ] ::1 /servermonitorreportserver/index.php/home/index/getDataForBarChart
INFO: [ app_init ] --START--
INFO: Run Behavior\BuildLiteBehavior [ RunTime:0.000010s ]
INFO: [ app_init ] --END-- [ RunTime:0.000267s ]
INFO: [ app_begin ] --START--
INFO: Run Behavior\ReadHtmlCacheBehavior [ RunTime:0.000339s ]
INFO: [ app_begin ] --END-- [ RunTime:0.000374s ]
SQL: SHOW COLUMNS FROM `server_site` [ RunTime:0.0041s ]
SQL: SHOW COLUMNS FROM `server_site` [ RunTime:0.0039s ]
SQL: SELECT lower(siteName) as siteName,errorTime ,COUNT(lower(siteName)) as times  from 	server_site where EXTRACT(DAY from errorTime) =EXTRACT(DAY FROM NOW() ) 		and EXTRACT(YEAR from errorTime) =EXTRACT(YEAR FROM NOW() )  GROUP BY lower(siteName)  [ RunTime:0.0016s ]

[ 2017-01-20T12:05:54+08:00 ] ::1 /servermonitorreportserver/
INFO: [ app_init ] --START--
INFO: Run Behavior\BuildLiteBehavior [ RunTime:0.000011s ]
INFO: [ app_init ] --END-- [ RunTime:0.000316s ]
INFO: [ app_begin ] --START--
INFO: Run Behavior\ReadHtmlCacheBehavior [ RunTime:0.000340s ]
INFO: [ app_begin ] --END-- [ RunTime:0.000376s ]
SQL: SHOW COLUMNS FROM `server_site` [ RunTime:0.0086s ]
SQL: SHOW COLUMNS FROM `server_site` [ RunTime:0.0039s ]
SQL: SELECT  sitename,siteAddress,ip,statusCode, errorTime,case  WHEN requestTime>1000 THEN CONCAT( truncate(requestTime/1000,0) ,' min')  WHEN requestTime<=1000 THEN CONCAT(  requestTime , ' s') ELSE requestTime END as requestTime,errorDetails  from server_site  order by errortime desc LIMIT 400 [ RunTime:0.0037s ]
SQL: SELECT COUNT(DISTINCT ip) AS tp_count FROM `server_site` LIMIT 1   [ RunTime:0.0013s ]
SQL: SELECT COUNT(DISTINCT siteName) AS tp_count FROM `server_site` LIMIT 1   [ RunTime:0.0012s ]
SQL: SELECT COUNT(*) AS tp_count FROM `server_site` LIMIT 1   [ RunTime:0.0008s ]
INFO: [ view_parse ] --START--
INFO: [ template_filter ] --START--
INFO: Run Behavior\ContentReplaceBehavior [ RunTime:0.000149s ]
INFO: [ template_filter ] --END-- [ RunTime:0.000194s ]
NOTIC: [8] Undefined variable: page F:\xampp\install\htdocs\ServerMonitorReportServer\Application\Runtime\Cache\Home\0d6509e863112dc5821b22ecb897e16e.php 第 842 行.
INFO: Run Behavior\ParseTemplateBehavior [ RunTime:0.084055s ]
INFO: [ view_parse ] --END-- [ RunTime:0.084099s ]
INFO: [ view_filter ] --START--
INFO: Run Behavior\WriteHtmlCacheBehavior [ RunTime:0.000378s ]
INFO: [ view_filter ] --END-- [ RunTime:0.000410s ]
INFO: [ app_end ] --START--
INFO: Run Behavior\ShowPageTraceBehavior [ RunTime:0.000707s ]
INFO: [ app_end ] --END-- [ RunTime:0.000784s ]

[ 2017-01-20T12:05:54+08:00 ] ::1 /servermonitorreportserver/index.php/home/index/getDataForLineChart
INFO: [ app_init ] --START--
INFO: Run Behavior\BuildLiteBehavior [ RunTime:0.000011s ]
INFO: [ app_init ] --END-- [ RunTime:0.000272s ]
INFO: [ app_begin ] --START--
INFO: Run Behavior\ReadHtmlCacheBehavior [ RunTime:0.000328s ]
INFO: [ app_begin ] --END-- [ RunTime:0.000363s ]
SQL: SHOW COLUMNS FROM `server_site` [ RunTime:0.0088s ]
SQL: SHOW COLUMNS FROM `server_site` [ RunTime:0.0038s ]
SQL: SELECT left(ltrim(rtrim(errorTime)),16) as errorTime ,COUNT(left(errorTime,16)) as times    from server_site  where   DATE_FORMAT(errorTime,'%m-%d-%Y')  = DATE_FORMAT(NOW(),'%m-%d-%Y') GROUP BY left(ltrim(rtrim(errorTime)),16) ORDER BY left(ltrim(rtrim(errorTime)),16) ASC [ RunTime:0.0020s ]

[ 2017-01-20T12:05:54+08:00 ] ::1 /servermonitorreportserver/index.php/home/index/getDataForLineChart
INFO: [ app_init ] --START--
INFO: Run Behavior\BuildLiteBehavior [ RunTime:0.000011s ]
INFO: [ app_init ] --END-- [ RunTime:0.000275s ]
INFO: [ app_begin ] --START--
INFO: Run Behavior\ReadHtmlCacheBehavior [ RunTime:0.000350s ]
INFO: [ app_begin ] --END-- [ RunTime:0.000387s ]
SQL: SHOW COLUMNS FROM `server_site` [ RunTime:0.0040s ]
SQL: SHOW COLUMNS FROM `server_site` [ RunTime:0.0038s ]
SQL: SELECT left(ltrim(rtrim(errorTime)),16) as errorTime ,COUNT(left(errorTime,16)) as times    from server_site  where  WEEK(errorTime,1) = WEEK(NOW(),1) and EXTRACT(YEAR from errorTime) =EXTRACT(YEAR FROM NOW() ) GROUP BY left(ltrim(rtrim(errorTime)),16) ORDER BY left(ltrim(rtrim(errorTime)),16) ASC limit 200 [ RunTime:0.0017s ]

[ 2017-01-20T12:05:54+08:00 ] ::1 /servermonitorreportserver/index.php/home/index/getDataForLineChart
INFO: [ app_init ] --START--
INFO: Run Behavior\BuildLiteBehavior [ RunTime:0.000011s ]
INFO: [ app_init ] --END-- [ RunTime:0.000311s ]
INFO: [ app_begin ] --START--
INFO: Run Behavior\ReadHtmlCacheBehavior [ RunTime:0.000352s ]
INFO: [ app_begin ] --END-- [ RunTime:0.000391s ]
SQL: SHOW COLUMNS FROM `server_site` [ RunTime:0.0045s ]
SQL: SHOW COLUMNS FROM `server_site` [ RunTime:0.0041s ]
SQL: SELECT left(ltrim(rtrim(errorTime)),16) as errorTime ,COUNT(left(errorTime,16)) as times    from server_site  where  EXTRACT(MONTH from errorTime) =EXTRACT(Month FROM NOW() )  and EXTRACT(YEAR from errorTime) =EXTRACT(YEAR FROM NOW() ) GROUP BY left(ltrim(rtrim(errorTime)),16) ORDER BY left(ltrim(rtrim(errorTime)),16) ASC [ RunTime:0.0015s ]

[ 2017-01-20T12:05:54+08:00 ] ::1 /servermonitorreportserver/index.php/home/index/getDataForBarChart
INFO: [ app_init ] --START--
INFO: Run Behavior\BuildLiteBehavior [ RunTime:0.000020s ]
INFO: [ app_init ] --END-- [ RunTime:0.000283s ]
INFO: [ app_begin ] --START--
INFO: Run Behavior\ReadHtmlCacheBehavior [ RunTime:0.000347s ]
INFO: [ app_begin ] --END-- [ RunTime:0.000397s ]
SQL: SHOW COLUMNS FROM `server_site` [ RunTime:0.0063s ]
SQL: SHOW COLUMNS FROM `server_site` [ RunTime:0.0045s ]
SQL: SELECT lower(siteName) as siteName,errorTime ,COUNT(lower(siteName)) as times  from 	server_site where EXTRACT(DAY from errorTime) =EXTRACT(DAY FROM NOW() ) 		and EXTRACT(YEAR from errorTime) =EXTRACT(YEAR FROM NOW() )  GROUP BY lower(siteName)  [ RunTime:0.0016s ]

[ 2017-01-20T12:05:57+08:00 ] ::1 /servermonitorreportserver/
INFO: [ app_init ] --START--
INFO: Run Behavior\BuildLiteBehavior [ RunTime:0.000012s ]
INFO: [ app_init ] --END-- [ RunTime:0.000291s ]
INFO: [ app_begin ] --START--
INFO: Run Behavior\ReadHtmlCacheBehavior [ RunTime:0.000418s ]
INFO: [ app_begin ] --END-- [ RunTime:0.000471s ]
SQL: SHOW COLUMNS FROM `server_site` [ RunTime:0.0086s ]
SQL: SHOW COLUMNS FROM `server_site` [ RunTime:0.0055s ]
SQL: SELECT  sitename,siteAddress,ip,statusCode, errorTime,case  WHEN requestTime>1000 THEN CONCAT( truncate(requestTime/1000,0) ,' min')  WHEN requestTime<=1000 THEN CONCAT(  requestTime , ' s') ELSE requestTime END as requestTime,errorDetails  from server_site  order by errortime desc LIMIT 400 [ RunTime:0.0036s ]
SQL: SELECT COUNT(DISTINCT ip) AS tp_count FROM `server_site` LIMIT 1   [ RunTime:0.0013s ]
SQL: SELECT COUNT(DISTINCT siteName) AS tp_count FROM `server_site` LIMIT 1   [ RunTime:0.0012s ]
SQL: SELECT COUNT(*) AS tp_count FROM `server_site` LIMIT 1   [ RunTime:0.0007s ]
INFO: [ view_parse ] --START--
INFO: [ template_filter ] --START--
INFO: Run Behavior\ContentReplaceBehavior [ RunTime:0.000352s ]
INFO: [ template_filter ] --END-- [ RunTime:0.000410s ]
NOTIC: [8] Undefined variable: page F:\xampp\install\htdocs\ServerMonitorReportServer\Application\Runtime\Cache\Home\0d6509e863112dc5821b22ecb897e16e.php 第 842 行.
INFO: Run Behavior\ParseTemplateBehavior [ RunTime:0.083311s ]
INFO: [ view_parse ] --END-- [ RunTime:0.083358s ]
INFO: [ view_filter ] --START--
INFO: Run Behavior\WriteHtmlCacheBehavior [ RunTime:0.000414s ]
INFO: [ view_filter ] --END-- [ RunTime:0.000447s ]
INFO: [ app_end ] --START--
INFO: Run Behavior\ShowPageTraceBehavior [ RunTime:0.000757s ]
INFO: [ app_end ] --END-- [ RunTime:0.000815s ]

[ 2017-01-20T12:05:58+08:00 ] ::1 /servermonitorreportserver/index.php/home/index/getDataForLineChart
INFO: [ app_init ] --START--
INFO: Run Behavior\BuildLiteBehavior [ RunTime:0.000011s ]
INFO: [ app_init ] --END-- [ RunTime:0.000292s ]
INFO: [ app_begin ] --START--
INFO: Run Behavior\ReadHtmlCacheBehavior [ RunTime:0.000474s ]
INFO: [ app_begin ] --END-- [ RunTime:0.000511s ]
SQL: SHOW COLUMNS FROM `server_site` [ RunTime:0.0101s ]
SQL: SHOW COLUMNS FROM `server_site` [ RunTime:0.0053s ]
SQL: SELECT left(ltrim(rtrim(errorTime)),16) as errorTime ,COUNT(left(errorTime,16)) as times    from server_site  where   DATE_FORMAT(errorTime,'%m-%d-%Y')  = DATE_FORMAT(NOW(),'%m-%d-%Y') GROUP BY left(ltrim(rtrim(errorTime)),16) ORDER BY left(ltrim(rtrim(errorTime)),16) ASC [ RunTime:0.0020s ]

[ 2017-01-20T12:05:58+08:00 ] ::1 /servermonitorreportserver/index.php/home/index/getDataForLineChart
INFO: [ app_init ] --START--
INFO: Run Behavior\BuildLiteBehavior [ RunTime:0.000011s ]
INFO: [ app_init ] --END-- [ RunTime:0.000290s ]
INFO: [ app_begin ] --START--
INFO: Run Behavior\ReadHtmlCacheBehavior [ RunTime:0.000359s ]
INFO: [ app_begin ] --END-- [ RunTime:0.000397s ]
SQL: SHOW COLUMNS FROM `server_site` [ RunTime:0.0048s ]
SQL: SHOW COLUMNS FROM `server_site` [ RunTime:0.0038s ]
SQL: SELECT left(ltrim(rtrim(errorTime)),16) as errorTime ,COUNT(left(errorTime,16)) as times    from server_site  where  WEEK(errorTime,1) = WEEK(NOW(),1) and EXTRACT(YEAR from errorTime) =EXTRACT(YEAR FROM NOW() ) GROUP BY left(ltrim(rtrim(errorTime)),16) ORDER BY left(ltrim(rtrim(errorTime)),16) ASC limit 200 [ RunTime:0.0018s ]

[ 2017-01-20T12:05:58+08:00 ] ::1 /servermonitorreportserver/index.php/home/index/getDataForLineChart
INFO: [ app_init ] --START--
INFO: Run Behavior\BuildLiteBehavior [ RunTime:0.000011s ]
INFO: [ app_init ] --END-- [ RunTime:0.000281s ]
INFO: [ app_begin ] --START--
INFO: Run Behavior\ReadHtmlCacheBehavior [ RunTime:0.000345s ]
INFO: [ app_begin ] --END-- [ RunTime:0.000382s ]
SQL: SHOW COLUMNS FROM `server_site` [ RunTime:0.0042s ]
SQL: SHOW COLUMNS FROM `server_site` [ RunTime:0.0040s ]
SQL: SELECT left(ltrim(rtrim(errorTime)),16) as errorTime ,COUNT(left(errorTime,16)) as times    from server_site  where  EXTRACT(MONTH from errorTime) =EXTRACT(Month FROM NOW() )  and EXTRACT(YEAR from errorTime) =EXTRACT(YEAR FROM NOW() ) GROUP BY left(ltrim(rtrim(errorTime)),16) ORDER BY left(ltrim(rtrim(errorTime)),16) ASC [ RunTime:0.0016s ]

[ 2017-01-20T12:05:58+08:00 ] ::1 /servermonitorreportserver/index.php/home/index/getDataForBarChart
INFO: [ app_init ] --START--
INFO: Run Behavior\BuildLiteBehavior [ RunTime:0.000011s ]
INFO: [ app_init ] --END-- [ RunTime:0.000279s ]
INFO: [ app_begin ] --START--
INFO: Run Behavior\ReadHtmlCacheBehavior [ RunTime:0.000324s ]
INFO: [ app_begin ] --END-- [ RunTime:0.000356s ]
SQL: SHOW COLUMNS FROM `server_site` [ RunTime:0.0039s ]
SQL: SHOW COLUMNS FROM `server_site` [ RunTime:0.0041s ]
SQL: SELECT lower(siteName) as siteName,errorTime ,COUNT(lower(siteName)) as times  from 	server_site where EXTRACT(DAY from errorTime) =EXTRACT(DAY FROM NOW() ) 		and EXTRACT(YEAR from errorTime) =EXTRACT(YEAR FROM NOW() )  GROUP BY lower(siteName)  [ RunTime:0.0016s ]

[ 2017-01-20T12:06:04+08:00 ] ::1 /servermonitorreportserver/
INFO: [ app_init ] --START--
INFO: Run Behavior\BuildLiteBehavior [ RunTime:0.000012s ]
INFO: [ app_init ] --END-- [ RunTime:0.000300s ]
INFO: [ app_begin ] --START--
INFO: Run Behavior\ReadHtmlCacheBehavior [ RunTime:0.000371s ]
INFO: [ app_begin ] --END-- [ RunTime:0.000412s ]
SQL: SHOW COLUMNS FROM `server_site` [ RunTime:0.0098s ]
SQL: SHOW COLUMNS FROM `server_site` [ RunTime:0.0041s ]
SQL: SELECT  sitename,siteAddress,ip,statusCode, errorTime,case  WHEN requestTime>1000 THEN CONCAT( truncate(requestTime/1000,0) ,' min')  WHEN requestTime<=1000 THEN CONCAT(  requestTime , ' s') ELSE requestTime END as requestTime,errorDetails  from server_site  order by errortime desc LIMIT 400 [ RunTime:0.0038s ]
SQL: SELECT COUNT(DISTINCT ip) AS tp_count FROM `server_site` LIMIT 1   [ RunTime:0.0013s ]
SQL: SELECT COUNT(DISTINCT siteName) AS tp_count FROM `server_site` LIMIT 1   [ RunTime:0.0012s ]
SQL: SELECT COUNT(*) AS tp_count FROM `server_site` LIMIT 1   [ RunTime:0.0008s ]
INFO: [ view_parse ] --START--
INFO: [ template_filter ] --START--
INFO: Run Behavior\ContentReplaceBehavior [ RunTime:0.000171s ]
INFO: [ template_filter ] --END-- [ RunTime:0.000224s ]
NOTIC: [8] Undefined variable: page F:\xampp\install\htdocs\ServerMonitorReportServer\Application\Runtime\Cache\Home\0d6509e863112dc5821b22ecb897e16e.php 第 842 行.
INFO: Run Behavior\ParseTemplateBehavior [ RunTime:0.086585s ]
INFO: [ view_parse ] --END-- [ RunTime:0.086631s ]
INFO: [ view_filter ] --START--
INFO: Run Behavior\WriteHtmlCacheBehavior [ RunTime:0.000407s ]
INFO: [ view_filter ] --END-- [ RunTime:0.000441s ]
INFO: [ app_end ] --START--
INFO: Run Behavior\ShowPageTraceBehavior [ RunTime:0.000813s ]
INFO: [ app_end ] --END-- [ RunTime:0.003136s ]

[ 2017-01-20T12:06:05+08:00 ] ::1 /servermonitorreportserver/index.php/home/index/getDataForLineChart
INFO: [ app_init ] --START--
INFO: Run Behavior\BuildLiteBehavior [ RunTime:0.000011s ]
INFO: [ app_init ] --END-- [ RunTime:0.000275s ]
INFO: [ app_begin ] --START--
INFO: Run Behavior\ReadHtmlCacheBehavior [ RunTime:0.000449s ]
INFO: [ app_begin ] --END-- [ RunTime:0.000484s ]
SQL: SHOW COLUMNS FROM `server_site` [ RunTime:0.0088s ]
SQL: SHOW COLUMNS FROM `server_site` [ RunTime:0.0054s ]
SQL: SELECT left(ltrim(rtrim(errorTime)),16) as errorTime ,COUNT(left(errorTime,16)) as times    from server_site  where   DATE_FORMAT(errorTime,'%m-%d-%Y')  = DATE_FORMAT(NOW(),'%m-%d-%Y') GROUP BY left(ltrim(rtrim(errorTime)),16) ORDER BY left(ltrim(rtrim(errorTime)),16) ASC [ RunTime:0.0024s ]

[ 2017-01-20T12:06:05+08:00 ] ::1 /servermonitorreportserver/index.php/home/index/getDataForLineChart
INFO: [ app_init ] --START--
INFO: Run Behavior\BuildLiteBehavior [ RunTime:0.000010s ]
INFO: [ app_init ] --END-- [ RunTime:0.000269s ]
INFO: [ app_begin ] --START--
INFO: Run Behavior\ReadHtmlCacheBehavior [ RunTime:0.000328s ]
INFO: [ app_begin ] --END-- [ RunTime:0.000361s ]
SQL: SHOW COLUMNS FROM `server_site` [ RunTime:0.0037s ]
SQL: SHOW COLUMNS FROM `server_site` [ RunTime:0.0034s ]
SQL: SELECT left(ltrim(rtrim(errorTime)),16) as errorTime ,COUNT(left(errorTime,16)) as times    from server_site  where  WEEK(errorTime,1) = WEEK(NOW(),1) and EXTRACT(YEAR from errorTime) =EXTRACT(YEAR FROM NOW() ) GROUP BY left(ltrim(rtrim(errorTime)),16) ORDER BY left(ltrim(rtrim(errorTime)),16) ASC limit 200 [ RunTime:0.0017s ]

[ 2017-01-20T12:06:05+08:00 ] ::1 /servermonitorreportserver/index.php/home/index/getDataForLineChart
INFO: [ app_init ] --START--
INFO: Run Behavior\BuildLiteBehavior [ RunTime:0.000010s ]
INFO: [ app_init ] --END-- [ RunTime:0.000270s ]
INFO: [ app_begin ] --START--
INFO: Run Behavior\ReadHtmlCacheBehavior [ RunTime:0.000321s ]
INFO: [ app_begin ] --END-- [ RunTime:0.000354s ]
SQL: SHOW COLUMNS FROM `server_site` [ RunTime:0.0039s ]
SQL: SHOW COLUMNS FROM `server_site` [ RunTime:0.0041s ]
SQL: SELECT left(ltrim(rtrim(errorTime)),16) as errorTime ,COUNT(left(errorTime,16)) as times    from server_site  where  EXTRACT(MONTH from errorTime) =EXTRACT(Month FROM NOW() )  and EXTRACT(YEAR from errorTime) =EXTRACT(YEAR FROM NOW() ) GROUP BY left(ltrim(rtrim(errorTime)),16) ORDER BY left(ltrim(rtrim(errorTime)),16) ASC [ RunTime:0.0016s ]

[ 2017-01-20T12:06:05+08:00 ] ::1 /servermonitorreportserver/index.php/home/index/getDataForBarChart
INFO: [ app_init ] --START--
INFO: Run Behavior\BuildLiteBehavior [ RunTime:0.000010s ]
INFO: [ app_init ] --END-- [ RunTime:0.000273s ]
INFO: [ app_begin ] --START--
INFO: Run Behavior\ReadHtmlCacheBehavior [ RunTime:0.000334s ]
INFO: [ app_begin ] --END-- [ RunTime:0.000369s ]
SQL: SHOW COLUMNS FROM `server_site` [ RunTime:0.0042s ]
SQL: SHOW COLUMNS FROM `server_site` [ RunTime:0.0048s ]
SQL: SELECT lower(siteName) as siteName,errorTime ,COUNT(lower(siteName)) as times  from 	server_site where EXTRACT(DAY from errorTime) =EXTRACT(DAY FROM NOW() ) 		and EXTRACT(YEAR from errorTime) =EXTRACT(YEAR FROM NOW() )  GROUP BY lower(siteName)  [ RunTime:0.0017s ]

[ 2017-01-20T12:06:12+08:00 ] ::1 /servermonitorreportserver/
INFO: [ app_init ] --START--
INFO: Run Behavior\BuildLiteBehavior [ RunTime:0.000012s ]
INFO: [ app_init ] --END-- [ RunTime:0.000294s ]
INFO: [ app_begin ] --START--
INFO: Run Behavior\ReadHtmlCacheBehavior [ RunTime:0.000354s ]
INFO: [ app_begin ] --END-- [ RunTime:0.000394s ]
SQL: SHOW COLUMNS FROM `server_site` [ RunTime:0.0104s ]
SQL: SHOW COLUMNS FROM `server_site` [ RunTime:0.0038s ]
SQL: SELECT  sitename,siteAddress,ip,statusCode, errorTime,case  WHEN requestTime>1000 THEN CONCAT( truncate(requestTime/1000,0) ,' min')  WHEN requestTime<=1000 THEN CONCAT(  requestTime , ' s') ELSE requestTime END as requestTime,errorDetails  from server_site  order by errortime desc LIMIT 400 [ RunTime:0.0036s ]
SQL: SELECT COUNT(DISTINCT ip) AS tp_count FROM `server_site` LIMIT 1   [ RunTime:0.0014s ]
SQL: SELECT COUNT(DISTINCT siteName) AS tp_count FROM `server_site` LIMIT 1   [ RunTime:0.0014s ]
SQL: SELECT COUNT(*) AS tp_count FROM `server_site` LIMIT 1   [ RunTime:0.0009s ]
INFO: [ view_parse ] --START--
INFO: [ template_filter ] --START--
INFO: Run Behavior\ContentReplaceBehavior [ RunTime:0.000150s ]
INFO: [ template_filter ] --END-- [ RunTime:0.000198s ]
NOTIC: [8] Undefined variable: page F:\xampp\install\htdocs\ServerMonitorReportServer\Application\Runtime\Cache\Home\0d6509e863112dc5821b22ecb897e16e.php 第 842 行.
INFO: Run Behavior\ParseTemplateBehavior [ RunTime:0.084411s ]
INFO: [ view_parse ] --END-- [ RunTime:0.084456s ]
INFO: [ view_filter ] --START--
INFO: Run Behavior\WriteHtmlCacheBehavior [ RunTime:0.000423s ]
INFO: [ view_filter ] --END-- [ RunTime:0.000455s ]
INFO: [ app_end ] --START--
INFO: Run Behavior\ShowPageTraceBehavior [ RunTime:0.000868s ]
INFO: [ app_end ] --END-- [ RunTime:0.000975s ]

[ 2017-01-20T12:06:12+08:00 ] ::1 /servermonitorreportserver/index.php/home/index/getDataForLineChart
INFO: [ app_init ] --START--
INFO: Run Behavior\BuildLiteBehavior [ RunTime:0.000010s ]
INFO: [ app_init ] --END-- [ RunTime:0.000272s ]
INFO: [ app_begin ] --START--
INFO: Run Behavior\ReadHtmlCacheBehavior [ RunTime:0.000450s ]
INFO: [ app_begin ] --END-- [ RunTime:0.000487s ]
SQL: SHOW COLUMNS FROM `server_site` [ RunTime:0.1570s ]
SQL: SHOW COLUMNS FROM `server_site` [ RunTime:0.0070s ]
SQL: SELECT left(ltrim(rtrim(errorTime)),16) as errorTime ,COUNT(left(errorTime,16)) as times    from server_site  where   DATE_FORMAT(errorTime,'%m-%d-%Y')  = DATE_FORMAT(NOW(),'%m-%d-%Y') GROUP BY left(ltrim(rtrim(errorTime)),16) ORDER BY left(ltrim(rtrim(errorTime)),16) ASC [ RunTime:0.0039s ]

[ 2017-01-20T12:06:12+08:00 ] ::1 /servermonitorreportserver/index.php/home/index/getDataForLineChart
INFO: [ app_init ] --START--
INFO: Run Behavior\BuildLiteBehavior [ RunTime:0.000019s ]
INFO: [ app_init ] --END-- [ RunTime:0.000557s ]
INFO: [ app_begin ] --START--
INFO: Run Behavior\ReadHtmlCacheBehavior [ RunTime:0.000816s ]
INFO: [ app_begin ] --END-- [ RunTime:0.000896s ]
SQL: SHOW COLUMNS FROM `server_site` [ RunTime:0.0088s ]
SQL: SHOW COLUMNS FROM `server_site` [ RunTime:0.0037s ]
SQL: SELECT left(ltrim(rtrim(errorTime)),16) as errorTime ,COUNT(left(errorTime,16)) as times    from server_site  where  WEEK(errorTime,1) = WEEK(NOW(),1) and EXTRACT(YEAR from errorTime) =EXTRACT(YEAR FROM NOW() ) GROUP BY left(ltrim(rtrim(errorTime)),16) ORDER BY left(ltrim(rtrim(errorTime)),16) ASC limit 200 [ RunTime:0.0017s ]

[ 2017-01-20T12:06:12+08:00 ] ::1 /servermonitorreportserver/index.php/home/index/getDataForLineChart
INFO: [ app_init ] --START--
INFO: Run Behavior\BuildLiteBehavior [ RunTime:0.000016s ]
INFO: [ app_init ] --END-- [ RunTime:0.000339s ]
INFO: [ app_begin ] --START--
INFO: Run Behavior\ReadHtmlCacheBehavior [ RunTime:0.000366s ]
INFO: [ app_begin ] --END-- [ RunTime:0.000404s ]
SQL: SHOW COLUMNS FROM `server_site` [ RunTime:0.0038s ]
SQL: SHOW COLUMNS FROM `server_site` [ RunTime:0.0059s ]
SQL: SELECT left(ltrim(rtrim(errorTime)),16) as errorTime ,COUNT(left(errorTime,16)) as times    from server_site  where  EXTRACT(MONTH from errorTime) =EXTRACT(Month FROM NOW() )  and EXTRACT(YEAR from errorTime) =EXTRACT(YEAR FROM NOW() ) GROUP BY left(ltrim(rtrim(errorTime)),16) ORDER BY left(ltrim(rtrim(errorTime)),16) ASC [ RunTime:0.0016s ]

[ 2017-01-20T12:06:12+08:00 ] ::1 /servermonitorreportserver/index.php/home/index/getDataForBarChart
INFO: [ app_init ] --START--
INFO: Run Behavior\BuildLiteBehavior [ RunTime:0.000010s ]
INFO: [ app_init ] --END-- [ RunTime:0.000280s ]
INFO: [ app_begin ] --START--
INFO: Run Behavior\ReadHtmlCacheBehavior [ RunTime:0.000329s ]
INFO: [ app_begin ] --END-- [ RunTime:0.000362s ]
SQL: SHOW COLUMNS FROM `server_site` [ RunTime:0.0040s ]
SQL: SHOW COLUMNS FROM `server_site` [ RunTime:0.0038s ]
SQL: SELECT lower(siteName) as siteName,errorTime ,COUNT(lower(siteName)) as times  from 	server_site where EXTRACT(DAY from errorTime) =EXTRACT(DAY FROM NOW() ) 		and EXTRACT(YEAR from errorTime) =EXTRACT(YEAR FROM NOW() )  GROUP BY lower(siteName)  [ RunTime:0.0016s ]

[ 2017-01-20T12:06:25+08:00 ] ::1 /servermonitorreportserver/
INFO: [ app_init ] --START--
INFO: Run Behavior\BuildLiteBehavior [ RunTime:0.000012s ]
INFO: [ app_init ] --END-- [ RunTime:0.000317s ]
INFO: [ app_begin ] --START--
INFO: Run Behavior\ReadHtmlCacheBehavior [ RunTime:0.000356s ]
INFO: [ app_begin ] --END-- [ RunTime:0.000394s ]
SQL: SHOW COLUMNS FROM `server_site` [ RunTime:0.0090s ]
SQL: SHOW COLUMNS FROM `server_site` [ RunTime:0.0041s ]
SQL: SELECT  sitename,siteAddress,ip,statusCode, errorTime,case  WHEN requestTime>1000 THEN CONCAT( truncate(requestTime/1000,0) ,' min')  WHEN requestTime<=1000 THEN CONCAT(  requestTime , ' s') ELSE requestTime END as requestTime,errorDetails  from server_site  order by errortime desc LIMIT 400 [ RunTime:0.0037s ]
SQL: SELECT COUNT(DISTINCT ip) AS tp_count FROM `server_site` LIMIT 1   [ RunTime:0.0013s ]
SQL: SELECT COUNT(DISTINCT siteName) AS tp_count FROM `server_site` LIMIT 1   [ RunTime:0.0012s ]
SQL: SELECT COUNT(*) AS tp_count FROM `server_site` LIMIT 1   [ RunTime:0.0008s ]
INFO: [ view_parse ] --START--
INFO: [ template_filter ] --START--
INFO: Run Behavior\ContentReplaceBehavior [ RunTime:0.000153s ]
INFO: [ template_filter ] --END-- [ RunTime:0.000201s ]
NOTIC: [8] Undefined variable: page F:\xampp\install\htdocs\ServerMonitorReportServer\Application\Runtime\Cache\Home\0d6509e863112dc5821b22ecb897e16e.php 第 842 行.
INFO: Run Behavior\ParseTemplateBehavior [ RunTime:0.081049s ]
INFO: [ view_parse ] --END-- [ RunTime:0.081091s ]
INFO: [ view_filter ] --START--
INFO: Run Behavior\WriteHtmlCacheBehavior [ RunTime:0.000388s ]
INFO: [ view_filter ] --END-- [ RunTime:0.000420s ]
INFO: [ app_end ] --START--
INFO: Run Behavior\ShowPageTraceBehavior [ RunTime:0.000877s ]
INFO: [ app_end ] --END-- [ RunTime:0.000962s ]

[ 2017-01-20T12:06:25+08:00 ] ::1 /servermonitorreportserver/index.php/home/index/getDataForLineChart
INFO: [ app_init ] --START--
INFO: Run Behavior\BuildLiteBehavior [ RunTime:0.000009s ]
INFO: [ app_init ] --END-- [ RunTime:0.000264s ]
INFO: [ app_begin ] --START--
INFO: Run Behavior\ReadHtmlCacheBehavior [ RunTime:0.000334s ]
INFO: [ app_begin ] --END-- [ RunTime:0.000368s ]
SQL: SHOW COLUMNS FROM `server_site` [ RunTime:0.0438s ]
SQL: SHOW COLUMNS FROM `server_site` [ RunTime:0.0482s ]
SQL: SELECT left(ltrim(rtrim(errorTime)),16) as errorTime ,COUNT(left(errorTime,16)) as times    from server_site  where   DATE_FORMAT(errorTime,'%m-%d-%Y')  = DATE_FORMAT(NOW(),'%m-%d-%Y') GROUP BY left(ltrim(rtrim(errorTime)),16) ORDER BY left(ltrim(rtrim(errorTime)),16) ASC [ RunTime:0.0039s ]

[ 2017-01-20T12:06:25+08:00 ] ::1 /servermonitorreportserver/index.php/home/index/getDataForLineChart
INFO: [ app_init ] --START--
INFO: Run Behavior\BuildLiteBehavior [ RunTime:0.000024s ]
INFO: [ app_init ] --END-- [ RunTime:0.000561s ]
INFO: [ app_begin ] --START--
INFO: Run Behavior\ReadHtmlCacheBehavior [ RunTime:0.000719s ]
INFO: [ app_begin ] --END-- [ RunTime:0.000798s ]
SQL: SHOW COLUMNS FROM `server_site` [ RunTime:0.0039s ]
SQL: SHOW COLUMNS FROM `server_site` [ RunTime:0.0037s ]
SQL: SELECT left(ltrim(rtrim(errorTime)),16) as errorTime ,COUNT(left(errorTime,16)) as times    from server_site  where  WEEK(errorTime,1) = WEEK(NOW(),1) and EXTRACT(YEAR from errorTime) =EXTRACT(YEAR FROM NOW() ) GROUP BY left(ltrim(rtrim(errorTime)),16) ORDER BY left(ltrim(rtrim(errorTime)),16) ASC limit 200 [ RunTime:0.0016s ]

[ 2017-01-20T12:06:25+08:00 ] ::1 /servermonitorreportserver/index.php/home/index/getDataForLineChart
INFO: [ app_init ] --START--
INFO: Run Behavior\BuildLiteBehavior [ RunTime:0.000012s ]
INFO: [ app_init ] --END-- [ RunTime:0.000333s ]
INFO: [ app_begin ] --START--
INFO: Run Behavior\ReadHtmlCacheBehavior [ RunTime:0.000351s ]
INFO: [ app_begin ] --END-- [ RunTime:0.000385s ]
SQL: SHOW COLUMNS FROM `server_site` [ RunTime:0.0052s ]
SQL: SHOW COLUMNS FROM `server_site` [ RunTime:0.0038s ]
SQL: SELECT left(ltrim(rtrim(errorTime)),16) as errorTime ,COUNT(left(errorTime,16)) as times    from server_site  where  EXTRACT(MONTH from errorTime) =EXTRACT(Month FROM NOW() )  and EXTRACT(YEAR from errorTime) =EXTRACT(YEAR FROM NOW() ) GROUP BY left(ltrim(rtrim(errorTime)),16) ORDER BY left(ltrim(rtrim(errorTime)),16) ASC [ RunTime:0.0016s ]

[ 2017-01-20T12:06:25+08:00 ] ::1 /servermonitorreportserver/index.php/home/index/getDataForBarChart
INFO: [ app_init ] --START--
INFO: Run Behavior\BuildLiteBehavior [ RunTime:0.000010s ]
INFO: [ app_init ] --END-- [ RunTime:0.000267s ]
INFO: [ app_begin ] --START--
INFO: Run Behavior\ReadHtmlCacheBehavior [ RunTime:0.000319s ]
INFO: [ app_begin ] --END-- [ RunTime:0.000353s ]
SQL: SHOW COLUMNS FROM `server_site` [ RunTime:0.0040s ]
SQL: SHOW COLUMNS FROM `server_site` [ RunTime:0.0038s ]
SQL: SELECT lower(siteName) as siteName,errorTime ,COUNT(lower(siteName)) as times  from 	server_site where EXTRACT(DAY from errorTime) =EXTRACT(DAY FROM NOW() ) 		and EXTRACT(YEAR from errorTime) =EXTRACT(YEAR FROM NOW() )  GROUP BY lower(siteName)  [ RunTime:0.0017s ]

[ 2017-01-20T12:06:33+08:00 ] ::1 /servermonitorreportserver/
INFO: [ app_init ] --START--
INFO: Run Behavior\BuildLiteBehavior [ RunTime:0.000011s ]
INFO: [ app_init ] --END-- [ RunTime:0.000285s ]
INFO: [ app_begin ] --START--
INFO: Run Behavior\ReadHtmlCacheBehavior [ RunTime:0.000352s ]
INFO: [ app_begin ] --END-- [ RunTime:0.000426s ]
SQL: SHOW COLUMNS FROM `server_site` [ RunTime:0.0086s ]
SQL: SHOW COLUMNS FROM `server_site` [ RunTime:0.0040s ]
SQL: SELECT  sitename,siteAddress,ip,statusCode, errorTime,case  WHEN requestTime>1000 THEN CONCAT( truncate(requestTime/1000,0) ,' min')  WHEN requestTime<=1000 THEN CONCAT(  requestTime , ' s') ELSE requestTime END as requestTime,errorDetails  from server_site  order by errortime desc LIMIT 400 [ RunTime:0.0036s ]
SQL: SELECT COUNT(DISTINCT ip) AS tp_count FROM `server_site` LIMIT 1   [ RunTime:0.0013s ]
SQL: SELECT COUNT(DISTINCT siteName) AS tp_count FROM `server_site` LIMIT 1   [ RunTime:0.0013s ]
SQL: SELECT COUNT(*) AS tp_count FROM `server_site` LIMIT 1   [ RunTime:0.0008s ]
INFO: [ view_parse ] --START--
INFO: [ template_filter ] --START--
INFO: Run Behavior\ContentReplaceBehavior [ RunTime:0.000241s ]
INFO: [ template_filter ] --END-- [ RunTime:0.000387s ]
NOTIC: [8] Undefined variable: page F:\xampp\install\htdocs\ServerMonitorReportServer\Application\Runtime\Cache\Home\0d6509e863112dc5821b22ecb897e16e.php 第 842 行.
INFO: Run Behavior\ParseTemplateBehavior [ RunTime:0.085561s ]
INFO: [ view_parse ] --END-- [ RunTime:0.085606s ]
INFO: [ view_filter ] --START--
INFO: Run Behavior\WriteHtmlCacheBehavior [ RunTime:0.000375s ]
INFO: [ view_filter ] --END-- [ RunTime:0.000406s ]
INFO: [ app_end ] --START--
INFO: Run Behavior\ShowPageTraceBehavior [ RunTime:0.000691s ]
INFO: [ app_end ] --END-- [ RunTime:0.000754s ]

[ 2017-01-20T12:06:33+08:00 ] ::1 /servermonitorreportserver/index.php/home/index/getDataForLineChart
INFO: [ app_init ] --START--
INFO: Run Behavior\BuildLiteBehavior [ RunTime:0.000009s ]
INFO: [ app_init ] --END-- [ RunTime:0.000287s ]
INFO: [ app_begin ] --START--
INFO: Run Behavior\ReadHtmlCacheBehavior [ RunTime:0.000451s ]
INFO: [ app_begin ] --END-- [ RunTime:0.000489s ]
SQL: SHOW COLUMNS FROM `server_site` [ RunTime:0.0086s ]
SQL: SHOW COLUMNS FROM `server_site` [ RunTime:0.0036s ]
SQL: SELECT left(ltrim(rtrim(errorTime)),16) as errorTime ,COUNT(left(errorTime,16)) as times    from server_site  where   DATE_FORMAT(errorTime,'%m-%d-%Y')  = DATE_FORMAT(NOW(),'%m-%d-%Y') GROUP BY left(ltrim(rtrim(errorTime)),16) ORDER BY left(ltrim(rtrim(errorTime)),16) ASC [ RunTime:0.0019s ]

[ 2017-01-20T12:06:33+08:00 ] ::1 /servermonitorreportserver/index.php/home/index/getDataForLineChart
INFO: [ app_init ] --START--
INFO: Run Behavior\BuildLiteBehavior [ RunTime:0.000013s ]
INFO: [ app_init ] --END-- [ RunTime:0.000289s ]
INFO: [ app_begin ] --START--
INFO: Run Behavior\ReadHtmlCacheBehavior [ RunTime:0.000345s ]
INFO: [ app_begin ] --END-- [ RunTime:0.000382s ]
SQL: SHOW COLUMNS FROM `server_site` [ RunTime:0.0045s ]
SQL: SHOW COLUMNS FROM `server_site` [ RunTime:0.0037s ]
SQL: SELECT left(ltrim(rtrim(errorTime)),16) as errorTime ,COUNT(left(errorTime,16)) as times    from server_site  where  WEEK(errorTime,1) = WEEK(NOW(),1) and EXTRACT(YEAR from errorTime) =EXTRACT(YEAR FROM NOW() ) GROUP BY left(ltrim(rtrim(errorTime)),16) ORDER BY left(ltrim(rtrim(errorTime)),16) ASC limit 200 [ RunTime:0.0017s ]

[ 2017-01-20T12:06:33+08:00 ] ::1 /servermonitorreportserver/index.php/home/index/getDataForLineChart
INFO: [ app_init ] --START--
INFO: Run Behavior\BuildLiteBehavior [ RunTime:0.000011s ]
INFO: [ app_init ] --END-- [ RunTime:0.000335s ]
INFO: [ app_begin ] --START--
INFO: Run Behavior\ReadHtmlCacheBehavior [ RunTime:0.000454s ]
INFO: [ app_begin ] --END-- [ RunTime:0.000503s ]
SQL: SHOW COLUMNS FROM `server_site` [ RunTime:0.0036s ]
SQL: SHOW COLUMNS FROM `server_site` [ RunTime:0.0038s ]
SQL: SELECT left(ltrim(rtrim(errorTime)),16) as errorTime ,COUNT(left(errorTime,16)) as times    from server_site  where  EXTRACT(MONTH from errorTime) =EXTRACT(Month FROM NOW() )  and EXTRACT(YEAR from errorTime) =EXTRACT(YEAR FROM NOW() ) GROUP BY left(ltrim(rtrim(errorTime)),16) ORDER BY left(ltrim(rtrim(errorTime)),16) ASC [ RunTime:0.0015s ]

[ 2017-01-20T12:06:33+08:00 ] ::1 /servermonitorreportserver/index.php/home/index/getDataForBarChart
INFO: [ app_init ] --START--
INFO: Run Behavior\BuildLiteBehavior [ RunTime:0.000010s ]
INFO: [ app_init ] --END-- [ RunTime:0.000259s ]
INFO: [ app_begin ] --START--
INFO: Run Behavior\ReadHtmlCacheBehavior [ RunTime:0.000317s ]
INFO: [ app_begin ] --END-- [ RunTime:0.000350s ]
SQL: SHOW COLUMNS FROM `server_site` [ RunTime:0.0037s ]
SQL: SHOW COLUMNS FROM `server_site` [ RunTime:0.0045s ]
SQL: SELECT lower(siteName) as siteName,errorTime ,COUNT(lower(siteName)) as times  from 	server_site where EXTRACT(DAY from errorTime) =EXTRACT(DAY FROM NOW() ) 		and EXTRACT(YEAR from errorTime) =EXTRACT(YEAR FROM NOW() )  GROUP BY lower(siteName)  [ RunTime:0.0016s ]

[ 2017-01-20T12:06:40+08:00 ] ::1 /servermonitorreportserver/
INFO: [ app_init ] --START--
INFO: Run Behavior\BuildLiteBehavior [ RunTime:0.000011s ]
INFO: [ app_init ] --END-- [ RunTime:0.000288s ]
INFO: [ app_begin ] --START--
INFO: Run Behavior\ReadHtmlCacheBehavior [ RunTime:0.000356s ]
INFO: [ app_begin ] --END-- [ RunTime:0.000395s ]
SQL: SHOW COLUMNS FROM `server_site` [ RunTime:0.0103s ]
SQL: SHOW COLUMNS FROM `server_site` [ RunTime:0.0039s ]
SQL: SELECT  sitename,siteAddress,ip,statusCode, errorTime,case  WHEN requestTime>1000 THEN CONCAT( truncate(requestTime/1000,0) ,' min')  WHEN requestTime<=1000 THEN CONCAT(  requestTime , ' s') ELSE requestTime END as requestTime,errorDetails  from server_site  order by errortime desc LIMIT 400 [ RunTime:0.0036s ]
SQL: SELECT COUNT(DISTINCT ip) AS tp_count FROM `server_site` LIMIT 1   [ RunTime:0.0012s ]
SQL: SELECT COUNT(DISTINCT siteName) AS tp_count FROM `server_site` LIMIT 1   [ RunTime:0.0013s ]
SQL: SELECT COUNT(*) AS tp_count FROM `server_site` LIMIT 1   [ RunTime:0.0008s ]
INFO: [ view_parse ] --START--
INFO: [ template_filter ] --START--
INFO: Run Behavior\ContentReplaceBehavior [ RunTime:0.000155s ]
INFO: [ template_filter ] --END-- [ RunTime:0.000215s ]
NOTIC: [8] Undefined variable: page F:\xampp\install\htdocs\ServerMonitorReportServer\Application\Runtime\Cache\Home\0d6509e863112dc5821b22ecb897e16e.php 第 842 行.
INFO: Run Behavior\ParseTemplateBehavior [ RunTime:0.086626s ]
INFO: [ view_parse ] --END-- [ RunTime:0.086672s ]
INFO: [ view_filter ] --START--
INFO: Run Behavior\WriteHtmlCacheBehavior [ RunTime:0.000430s ]
INFO: [ view_filter ] --END-- [ RunTime:0.000464s ]
INFO: [ app_end ] --START--
INFO: Run Behavior\ShowPageTraceBehavior [ RunTime:0.000909s ]
INFO: [ app_end ] --END-- [ RunTime:0.001057s ]

[ 2017-01-20T12:06:40+08:00 ] ::1 /servermonitorreportserver/index.php/home/index/getDataForLineChart
INFO: [ app_init ] --START--
INFO: Run Behavior\BuildLiteBehavior [ RunTime:0.000012s ]
INFO: [ app_init ] --END-- [ RunTime:0.000276s ]
INFO: [ app_begin ] --START--
INFO: Run Behavior\ReadHtmlCacheBehavior [ RunTime:0.000328s ]
INFO: [ app_begin ] --END-- [ RunTime:0.000363s ]
SQL: SHOW COLUMNS FROM `server_site` [ RunTime:0.0058s ]
SQL: SHOW COLUMNS FROM `server_site` [ RunTime:0.0057s ]
SQL: SELECT left(ltrim(rtrim(errorTime)),16) as errorTime ,COUNT(left(errorTime,16)) as times    from server_site  where   DATE_FORMAT(errorTime,'%m-%d-%Y')  = DATE_FORMAT(NOW(),'%m-%d-%Y') GROUP BY left(ltrim(rtrim(errorTime)),16) ORDER BY left(ltrim(rtrim(errorTime)),16) ASC [ RunTime:0.0019s ]

[ 2017-01-20T12:06:40+08:00 ] ::1 /servermonitorreportserver/index.php/home/index/getDataForLineChart
INFO: [ app_init ] --START--
INFO: Run Behavior\BuildLiteBehavior [ RunTime:0.000011s ]
INFO: [ app_init ] --END-- [ RunTime:0.000272s ]
INFO: [ app_begin ] --START--
INFO: Run Behavior\ReadHtmlCacheBehavior [ RunTime:0.000366s ]
INFO: [ app_begin ] --END-- [ RunTime:0.000410s ]
SQL: SHOW COLUMNS FROM `server_site` [ RunTime:0.0041s ]
SQL: SHOW COLUMNS FROM `server_site` [ RunTime:0.0038s ]
SQL: SELECT left(ltrim(rtrim(errorTime)),16) as errorTime ,COUNT(left(errorTime,16)) as times    from server_site  where  WEEK(errorTime,1) = WEEK(NOW(),1) and EXTRACT(YEAR from errorTime) =EXTRACT(YEAR FROM NOW() ) GROUP BY left(ltrim(rtrim(errorTime)),16) ORDER BY left(ltrim(rtrim(errorTime)),16) ASC limit 200 [ RunTime:0.0017s ]

[ 2017-01-20T12:06:40+08:00 ] ::1 /servermonitorreportserver/index.php/home/index/getDataForLineChart
INFO: [ app_init ] --START--
INFO: Run Behavior\BuildLiteBehavior [ RunTime:0.000011s ]
INFO: [ app_init ] --END-- [ RunTime:0.000279s ]
INFO: [ app_begin ] --START--
INFO: Run Behavior\ReadHtmlCacheBehavior [ RunTime:0.000334s ]
INFO: [ app_begin ] --END-- [ RunTime:0.000369s ]
SQL: SHOW COLUMNS FROM `server_site` [ RunTime:0.0045s ]
SQL: SHOW COLUMNS FROM `server_site` [ RunTime:0.0037s ]
SQL: SELECT left(ltrim(rtrim(errorTime)),16) as errorTime ,COUNT(left(errorTime,16)) as times    from server_site  where  EXTRACT(MONTH from errorTime) =EXTRACT(Month FROM NOW() )  and EXTRACT(YEAR from errorTime) =EXTRACT(YEAR FROM NOW() ) GROUP BY left(ltrim(rtrim(errorTime)),16) ORDER BY left(ltrim(rtrim(errorTime)),16) ASC [ RunTime:0.0015s ]

[ 2017-01-20T12:06:40+08:00 ] ::1 /servermonitorreportserver/index.php/home/index/getDataForBarChart
INFO: [ app_init ] --START--
INFO: Run Behavior\BuildLiteBehavior [ RunTime:0.000013s ]
INFO: [ app_init ] --END-- [ RunTime:0.000309s ]
INFO: [ app_begin ] --START--
INFO: Run Behavior\ReadHtmlCacheBehavior [ RunTime:0.000352s ]
INFO: [ app_begin ] --END-- [ RunTime:0.000392s ]
SQL: SHOW COLUMNS FROM `server_site` [ RunTime:0.0064s ]
SQL: SHOW COLUMNS FROM `server_site` [ RunTime:0.0043s ]
SQL: SELECT lower(siteName) as siteName,errorTime ,COUNT(lower(siteName)) as times  from 	server_site where EXTRACT(DAY from errorTime) =EXTRACT(DAY FROM NOW() ) 		and EXTRACT(YEAR from errorTime) =EXTRACT(YEAR FROM NOW() )  GROUP BY lower(siteName)  [ RunTime:0.0016s ]

[ 2017-01-20T12:07:10+08:00 ] ::1 /servermonitorreportserver/
INFO: [ app_init ] --START--
INFO: Run Behavior\BuildLiteBehavior [ RunTime:0.000011s ]
INFO: [ app_init ] --END-- [ RunTime:0.000293s ]
INFO: [ app_begin ] --START--
INFO: Run Behavior\ReadHtmlCacheBehavior [ RunTime:0.000379s ]
INFO: [ app_begin ] --END-- [ RunTime:0.000424s ]
SQL: SHOW COLUMNS FROM `server_site` [ RunTime:0.0126s ]
SQL: SHOW COLUMNS FROM `server_site` [ RunTime:0.0040s ]
SQL: SELECT  sitename,siteAddress,ip,statusCode, errorTime,case  WHEN requestTime>1000 THEN CONCAT( truncate(requestTime/1000,0) ,' min')  WHEN requestTime<=1000 THEN CONCAT(  requestTime , ' s') ELSE requestTime END as requestTime,errorDetails  from server_site  order by errortime desc LIMIT 400 [ RunTime:0.0037s ]
SQL: SELECT COUNT(DISTINCT ip) AS tp_count FROM `server_site` LIMIT 1   [ RunTime:0.0014s ]
SQL: SELECT COUNT(DISTINCT siteName) AS tp_count FROM `server_site` LIMIT 1   [ RunTime:0.0012s ]
SQL: SELECT COUNT(*) AS tp_count FROM `server_site` LIMIT 1   [ RunTime:0.0008s ]
INFO: [ view_parse ] --START--
INFO: [ template_filter ] --START--
INFO: Run Behavior\ContentReplaceBehavior [ RunTime:0.000152s ]
INFO: [ template_filter ] --END-- [ RunTime:0.000197s ]
NOTIC: [8] Undefined variable: page F:\xampp\install\htdocs\ServerMonitorReportServer\Application\Runtime\Cache\Home\0d6509e863112dc5821b22ecb897e16e.php 第 843 行.
INFO: Run Behavior\ParseTemplateBehavior [ RunTime:0.090702s ]
INFO: [ view_parse ] --END-- [ RunTime:0.090746s ]
INFO: [ view_filter ] --START--
INFO: Run Behavior\WriteHtmlCacheBehavior [ RunTime:0.000403s ]
INFO: [ view_filter ] --END-- [ RunTime:0.000433s ]
INFO: [ app_end ] --START--
INFO: Run Behavior\ShowPageTraceBehavior [ RunTime:0.002725s ]
INFO: [ app_end ] --END-- [ RunTime:0.002817s ]

[ 2017-01-20T12:07:11+08:00 ] ::1 /servermonitorreportserver/index.php/home/index/getDataForLineChart
INFO: [ app_init ] --START--
INFO: Run Behavior\BuildLiteBehavior [ RunTime:0.000013s ]
INFO: [ app_init ] --END-- [ RunTime:0.000347s ]
INFO: [ app_begin ] --START--
INFO: Run Behavior\ReadHtmlCacheBehavior [ RunTime:0.000471s ]
INFO: [ app_begin ] --END-- [ RunTime:0.000508s ]
SQL: SHOW COLUMNS FROM `server_site` [ RunTime:0.0096s ]
SQL: SHOW COLUMNS FROM `server_site` [ RunTime:0.0097s ]
SQL: SELECT left(ltrim(rtrim(errorTime)),16) as errorTime ,COUNT(left(errorTime,16)) as times    from server_site  where   DATE_FORMAT(errorTime,'%m-%d-%Y')  = DATE_FORMAT(NOW(),'%m-%d-%Y') GROUP BY left(ltrim(rtrim(errorTime)),16) ORDER BY left(ltrim(rtrim(errorTime)),16) ASC [ RunTime:0.0022s ]

[ 2017-01-20T12:07:11+08:00 ] ::1 /servermonitorreportserver/index.php/home/index/getDataForLineChart
INFO: [ app_init ] --START--
INFO: Run Behavior\BuildLiteBehavior [ RunTime:0.000009s ]
INFO: [ app_init ] --END-- [ RunTime:0.000260s ]
INFO: [ app_begin ] --START--
INFO: Run Behavior\ReadHtmlCacheBehavior [ RunTime:0.000328s ]
INFO: [ app_begin ] --END-- [ RunTime:0.000369s ]
SQL: SHOW COLUMNS FROM `server_site` [ RunTime:0.0068s ]
SQL: SHOW COLUMNS FROM `server_site` [ RunTime:0.0051s ]
SQL: SELECT left(ltrim(rtrim(errorTime)),16) as errorTime ,COUNT(left(errorTime,16)) as times    from server_site  where  WEEK(errorTime,1) = WEEK(NOW(),1) and EXTRACT(YEAR from errorTime) =EXTRACT(YEAR FROM NOW() ) GROUP BY left(ltrim(rtrim(errorTime)),16) ORDER BY left(ltrim(rtrim(errorTime)),16) ASC limit 200 [ RunTime:0.0016s ]

[ 2017-01-20T12:07:11+08:00 ] ::1 /servermonitorreportserver/index.php/home/index/getDataForLineChart
INFO: [ app_init ] --START--
INFO: Run Behavior\BuildLiteBehavior [ RunTime:0.000010s ]
INFO: [ app_init ] --END-- [ RunTime:0.000273s ]
INFO: [ app_begin ] --START--
INFO: Run Behavior\ReadHtmlCacheBehavior [ RunTime:0.000325s ]
INFO: [ app_begin ] --END-- [ RunTime:0.000358s ]
SQL: SHOW COLUMNS FROM `server_site` [ RunTime:0.0064s ]
SQL: SHOW COLUMNS FROM `server_site` [ RunTime:0.0054s ]
SQL: SELECT left(ltrim(rtrim(errorTime)),16) as errorTime ,COUNT(left(errorTime,16)) as times    from server_site  where  EXTRACT(MONTH from errorTime) =EXTRACT(Month FROM NOW() )  and EXTRACT(YEAR from errorTime) =EXTRACT(YEAR FROM NOW() ) GROUP BY left(ltrim(rtrim(errorTime)),16) ORDER BY left(ltrim(rtrim(errorTime)),16) ASC [ RunTime:0.0015s ]

[ 2017-01-20T12:07:11+08:00 ] ::1 /servermonitorreportserver/index.php/home/index/getDataForBarChart
INFO: [ app_init ] --START--
INFO: Run Behavior\BuildLiteBehavior [ RunTime:0.000018s ]
INFO: [ app_init ] --END-- [ RunTime:0.000306s ]
INFO: [ app_begin ] --START--
INFO: Run Behavior\ReadHtmlCacheBehavior [ RunTime:0.000344s ]
INFO: [ app_begin ] --END-- [ RunTime:0.000378s ]
SQL: SHOW COLUMNS FROM `server_site` [ RunTime:0.0059s ]
SQL: SHOW COLUMNS FROM `server_site` [ RunTime:0.0066s ]
SQL: SELECT lower(siteName) as siteName,errorTime ,COUNT(lower(siteName)) as times  from 	server_site where EXTRACT(DAY from errorTime) =EXTRACT(DAY FROM NOW() ) 		and EXTRACT(YEAR from errorTime) =EXTRACT(YEAR FROM NOW() )  GROUP BY lower(siteName)  [ RunTime:0.0016s ]

[ 2017-01-20T12:07:25+08:00 ] ::1 /servermonitorreportserver/
INFO: [ app_init ] --START--
INFO: Run Behavior\BuildLiteBehavior [ RunTime:0.000011s ]
INFO: [ app_init ] --END-- [ RunTime:0.000296s ]
INFO: [ app_begin ] --START--
INFO: Run Behavior\ReadHtmlCacheBehavior [ RunTime:0.000383s ]
INFO: [ app_begin ] --END-- [ RunTime:0.000427s ]
SQL: SHOW COLUMNS FROM `server_site` [ RunTime:0.0167s ]
SQL: SHOW COLUMNS FROM `server_site` [ RunTime:0.0063s ]
SQL: SELECT  sitename,siteAddress,ip,statusCode, errorTime,case  WHEN requestTime>1000 THEN CONCAT( truncate(requestTime/1000,0) ,' min')  WHEN requestTime<=1000 THEN CONCAT(  requestTime , ' s') ELSE requestTime END as requestTime,errorDetails  from server_site  order by errortime desc LIMIT 400 [ RunTime:0.0036s ]
SQL: SELECT COUNT(DISTINCT ip) AS tp_count FROM `server_site` LIMIT 1   [ RunTime:0.0012s ]
SQL: SELECT COUNT(DISTINCT siteName) AS tp_count FROM `server_site` LIMIT 1   [ RunTime:0.0011s ]
SQL: SELECT COUNT(*) AS tp_count FROM `server_site` LIMIT 1   [ RunTime:0.0008s ]
INFO: [ view_parse ] --START--
INFO: [ template_filter ] --START--
INFO: Run Behavior\ContentReplaceBehavior [ RunTime:0.000149s ]
INFO: [ template_filter ] --END-- [ RunTime:0.000202s ]
NOTIC: [8] Undefined variable: page F:\xampp\install\htdocs\ServerMonitorReportServer\Application\Runtime\Cache\Home\0d6509e863112dc5821b22ecb897e16e.php 第 842 行.
INFO: Run Behavior\ParseTemplateBehavior [ RunTime:0.085434s ]
INFO: [ view_parse ] --END-- [ RunTime:0.085482s ]
INFO: [ view_filter ] --START--
INFO: Run Behavior\WriteHtmlCacheBehavior [ RunTime:0.000377s ]
INFO: [ view_filter ] --END-- [ RunTime:0.000408s ]
INFO: [ app_end ] --START--
INFO: Run Behavior\ShowPageTraceBehavior [ RunTime:0.000738s ]
INFO: [ app_end ] --END-- [ RunTime:0.000800s ]

[ 2017-01-20T12:07:26+08:00 ] ::1 /servermonitorreportserver/index.php/home/index/getDataForLineChart
INFO: [ app_init ] --START--
INFO: Run Behavior\BuildLiteBehavior [ RunTime:0.000011s ]
INFO: [ app_init ] --END-- [ RunTime:0.000310s ]
INFO: [ app_begin ] --START--
INFO: Run Behavior\ReadHtmlCacheBehavior [ RunTime:0.000368s ]
INFO: [ app_begin ] --END-- [ RunTime:0.000404s ]
SQL: SHOW COLUMNS FROM `server_site` [ RunTime:0.0090s ]
SQL: SHOW COLUMNS FROM `server_site` [ RunTime:0.0043s ]
SQL: SELECT left(ltrim(rtrim(errorTime)),16) as errorTime ,COUNT(left(errorTime,16)) as times    from server_site  where   DATE_FORMAT(errorTime,'%m-%d-%Y')  = DATE_FORMAT(NOW(),'%m-%d-%Y') GROUP BY left(ltrim(rtrim(errorTime)),16) ORDER BY left(ltrim(rtrim(errorTime)),16) ASC [ RunTime:0.0019s ]

[ 2017-01-20T12:07:26+08:00 ] ::1 /servermonitorreportserver/index.php/home/index/getDataForLineChart
INFO: [ app_init ] --START--
INFO: Run Behavior\BuildLiteBehavior [ RunTime:0.000011s ]
INFO: [ app_init ] --END-- [ RunTime:0.000308s ]
INFO: [ app_begin ] --START--
INFO: Run Behavior\ReadHtmlCacheBehavior [ RunTime:0.000443s ]
INFO: [ app_begin ] --END-- [ RunTime:0.000487s ]
SQL: SHOW COLUMNS FROM `server_site` [ RunTime:0.0055s ]
SQL: SHOW COLUMNS FROM `server_site` [ RunTime:0.0037s ]
SQL: SELECT left(ltrim(rtrim(errorTime)),16) as errorTime ,COUNT(left(errorTime,16)) as times    from server_site  where  WEEK(errorTime,1) = WEEK(NOW(),1) and EXTRACT(YEAR from errorTime) =EXTRACT(YEAR FROM NOW() ) GROUP BY left(ltrim(rtrim(errorTime)),16) ORDER BY left(ltrim(rtrim(errorTime)),16) ASC limit 200 [ RunTime:0.0017s ]

[ 2017-01-20T12:07:26+08:00 ] ::1 /servermonitorreportserver/index.php/home/index/getDataForLineChart
INFO: [ app_init ] --START--
INFO: Run Behavior\BuildLiteBehavior [ RunTime:0.000009s ]
INFO: [ app_init ] --END-- [ RunTime:0.000266s ]
INFO: [ app_begin ] --START--
INFO: Run Behavior\ReadHtmlCacheBehavior [ RunTime:0.000323s ]
INFO: [ app_begin ] --END-- [ RunTime:0.000355s ]
SQL: SHOW COLUMNS FROM `server_site` [ RunTime:0.0039s ]
SQL: SHOW COLUMNS FROM `server_site` [ RunTime:0.0043s ]
SQL: SELECT left(ltrim(rtrim(errorTime)),16) as errorTime ,COUNT(left(errorTime,16)) as times    from server_site  where  EXTRACT(MONTH from errorTime) =EXTRACT(Month FROM NOW() )  and EXTRACT(YEAR from errorTime) =EXTRACT(YEAR FROM NOW() ) GROUP BY left(ltrim(rtrim(errorTime)),16) ORDER BY left(ltrim(rtrim(errorTime)),16) ASC [ RunTime:0.0015s ]

[ 2017-01-20T12:07:26+08:00 ] ::1 /servermonitorreportserver/index.php/home/index/getDataForBarChart
INFO: [ app_init ] --START--
INFO: Run Behavior\BuildLiteBehavior [ RunTime:0.000011s ]
INFO: [ app_init ] --END-- [ RunTime:0.000281s ]
INFO: [ app_begin ] --START--
INFO: Run Behavior\ReadHtmlCacheBehavior [ RunTime:0.000468s ]
INFO: [ app_begin ] --END-- [ RunTime:0.000525s ]
SQL: SHOW COLUMNS FROM `server_site` [ RunTime:0.0087s ]
SQL: SHOW COLUMNS FROM `server_site` [ RunTime:0.0051s ]
SQL: SELECT lower(siteName) as siteName,errorTime ,COUNT(lower(siteName)) as times  from 	server_site where EXTRACT(DAY from errorTime) =EXTRACT(DAY FROM NOW() ) 		and EXTRACT(YEAR from errorTime) =EXTRACT(YEAR FROM NOW() )  GROUP BY lower(siteName)  [ RunTime:0.0019s ]

